{"C:\\Users\\Usuario\\Desktop\\ideahub-mvp-cq5di9x2c\\backend\\src\\common\\decorators\\current-user.decorator.ts": {"path":"C:\\Users\\Usuario\\Desktop\\ideahub-mvp-cq5di9x2c\\backend\\src\\common\\decorators\\current-user.decorator.ts","statementMap":{"0":{"start":{"line":1,"column":0},"end":{"line":1,"column":72}},"1":{"start":{"line":4,"column":13},"end":{"line":11,"column":2}},"2":{"start":{"line":6,"column":20},"end":{"line":6,"column":51}},"3":{"start":{"line":7,"column":17},"end":{"line":7,"column":37}},"4":{"start":{"line":9,"column":4},"end":{"line":9,"column":38}}},"fnMap":{"0":{"name":"(anonymous_0)","decl":{"start":{"line":5,"column":2},"end":{"line":5,"column":3}},"loc":{"start":{"line":5,"column":58},"end":{"line":10,"column":3}}}},"branchMap":{"0":{"loc":{"start":{"line":9,"column":11},"end":{"line":9,"column":37}},"type":"cond-expr","locations":[{"start":{"line":9,"column":18},"end":{"line":9,"column":30}},{"start":{"line":9,"column":33},"end":{"line":9,"column":37}}]}},"s":{"0":0,"1":0,"2":0,"3":0,"4":0},"f":{"0":0},"b":{"0":[0,0]}}
,"C:\\Users\\Usuario\\Desktop\\ideahub-mvp-cq5di9x2c\\backend\\src\\common\\filters\\all-exceptions.filter.ts": {"path":"C:\\Users\\Usuario\\Desktop\\ideahub-mvp-cq5di9x2c\\backend\\src\\common\\filters\\all-exceptions.filter.ts","statementMap":{"0":{"start":{"line":1,"column":0},"end":{"line":1,"column":null}},"1":{"start":{"line":9,"column":0},"end":{"line":9,"column":36}},"2":{"start":{"line":10,"column":0},"end":{"line":10,"column":64}},"3":{"start":{"line":12,"column":0},"end":{"line":12,"column":42}},"4":{"start":{"line":27,"column":7},"end":{"line":165,"column":null}},"5":{"start":{"line":28,"column":31},"end":{"line":28,"column":39}},"6":{"start":{"line":29,"column":4},"end":{"line":29,"column":50}},"7":{"start":{"line":33,"column":16},"end":{"line":33,"column":35}},"8":{"start":{"line":34,"column":21},"end":{"line":34,"column":48}},"9":{"start":{"line":35,"column":20},"end":{"line":35,"column":45}},"10":{"start":{"line":37,"column":25},"end":{"line":37,"column":62}},"11":{"start":{"line":38,"column":22},"end":{"line":38,"column":30}},"12":{"start":{"line":46,"column":4},"end":{"line":106,"column":5}},"13":{"start":{"line":48,"column":6},"end":{"line":48,"column":37}},"14":{"start":{"line":49,"column":32},"end":{"line":49,"column":55}},"15":{"start":{"line":51,"column":6},"end":{"line":59,"column":7}},"16":{"start":{"line":52,"column":8},"end":{"line":52,"column":36}},"17":{"start":{"line":53,"column":13},"end":{"line":59,"column":7}},"18":{"start":{"line":54,"column":28},"end":{"line":54,"column":72}},"19":{"start":{"line":55,"column":20},"end":{"line":55,"column":39}},"20":{"start":{"line":56,"column":8},"end":{"line":56,"column":93}},"21":{"start":{"line":58,"column":8},"end":{"line":58,"column":36}},"22":{"start":{"line":61,"column":6},"end":{"line":61,"column":44}},"23":{"start":{"line":62,"column":6},"end":{"line":62,"column":30}},"24":{"start":{"line":63,"column":11},"end":{"line":106,"column":5}},"25":{"start":{"line":65,"column":6},"end":{"line":65,"column":38}},"26":{"start":{"line":66,"column":6},"end":{"line":66,"column":31}},"27":{"start":{"line":67,"column":6},"end":{"line":67,"column":30}},"28":{"start":{"line":70,"column":26},"end":{"line":70,"column":85}},"29":{"start":{"line":71,"column":6},"end":{"line":84,"column":7}},"30":{"start":{"line":73,"column":8},"end":{"line":73,"column":61}},"31":{"start":{"line":74,"column":13},"end":{"line":84,"column":7}},"32":{"start":{"line":76,"column":8},"end":{"line":76,"column":54}},"33":{"start":{"line":77,"column":13},"end":{"line":84,"column":7}},"34":{"start":{"line":79,"column":8},"end":{"line":79,"column":47}},"35":{"start":{"line":81,"column":8},"end":{"line":83,"column":30}},"36":{"start":{"line":85,"column":11},"end":{"line":106,"column":5}},"37":{"start":{"line":87,"column":6},"end":{"line":87,"column":36}},"38":{"start":{"line":88,"column":6},"end":{"line":88,"column":38}},"39":{"start":{"line":89,"column":6},"end":{"line":89,"column":26}},"40":{"start":{"line":90,"column":6},"end":{"line":90,"column":30}},"41":{"start":{"line":91,"column":11},"end":{"line":106,"column":5}},"42":{"start":{"line":93,"column":6},"end":{"line":93,"column":48}},"43":{"start":{"line":94,"column":6},"end":{"line":94,"column":38}},"44":{"start":{"line":95,"column":6},"end":{"line":95,"column":30}},"45":{"start":{"line":98,"column":6},"end":{"line":100,"column":28}},"46":{"start":{"line":103,"column":6},"end":{"line":103,"column":48}},"47":{"start":{"line":104,"column":6},"end":{"line":104,"column":38}},"48":{"start":{"line":105,"column":6},"end":{"line":105,"column":72}},"49":{"start":{"line":109,"column":41},"end":{"line":117,"column":6}},"50":{"start":{"line":120,"column":4},"end":{"line":122,"column":5}},"51":{"start":{"line":121,"column":6},"end":{"line":121,"column":34}},"52":{"start":{"line":125,"column":4},"end":{"line":125,"column":73}},"53":{"start":{"line":127,"column":4},"end":{"line":127,"column":48}},"54":{"start":{"line":141,"column":20},"end":{"line":141,"column":76}},"55":{"start":{"line":144,"column":20},"end":{"line":153,"column":6}},"56":{"start":{"line":155,"column":4},"end":{"line":163,"column":5}},"57":{"start":{"line":157,"column":6},"end":{"line":160,"column":9}},"58":{"start":{"line":161,"column":11},"end":{"line":163,"column":5}},"59":{"start":{"line":162,"column":6},"end":{"line":162,"column":56}},"60":{"start":{"line":27,"column":13},"end":{"line":27,"column":32}},"61":{"start":{"line":27,"column":13},"end":{"line":165,"column":null}}},"fnMap":{"0":{"name":"(anonymous_2)","decl":{"start":{"line":28,"column":2},"end":{"line":28,"column":31}},"loc":{"start":{"line":28,"column":52},"end":{"line":30,"column":3}}},"1":{"name":"(anonymous_3)","decl":{"start":{"line":32,"column":2},"end":{"line":32,"column":7}},"loc":{"start":{"line":32,"column":47},"end":{"line":128,"column":3}}},"2":{"name":"(anonymous_4)","decl":{"start":{"line":133,"column":10},"end":{"line":133,"column":18}},"loc":{"start":{"line":139,"column":18},"end":{"line":164,"column":3}}}},"branchMap":{"0":{"loc":{"start":{"line":46,"column":4},"end":{"line":106,"column":5}},"type":"if","locations":[{"start":{"line":46,"column":4},"end":{"line":106,"column":5}},{"start":{"line":63,"column":11},"end":{"line":106,"column":5}}]},"1":{"loc":{"start":{"line":51,"column":6},"end":{"line":59,"column":7}},"type":"if","locations":[{"start":{"line":51,"column":6},"end":{"line":59,"column":7}},{"start":{"line":53,"column":13},"end":{"line":59,"column":7}}]},"2":{"loc":{"start":{"line":53,"column":13},"end":{"line":59,"column":7}},"type":"if","locations":[{"start":{"line":53,"column":13},"end":{"line":59,"column":7}},{"start":{"line":57,"column":13},"end":{"line":59,"column":7}}]},"3":{"loc":{"start":{"line":56,"column":18},"end":{"line":56,"column":92}},"type":"cond-expr","locations":[{"start":{"line":56,"column":39},"end":{"line":56,"column":53}},{"start":{"line":56,"column":57},"end":{"line":56,"column":92}}]},"4":{"loc":{"start":{"line":56,"column":57},"end":{"line":56,"column":92}},"type":"binary-expr","locations":[{"start":{"line":56,"column":57},"end":{"line":56,"column":71}},{"start":{"line":56,"column":75},"end":{"line":56,"column":92}}]},"5":{"loc":{"start":{"line":61,"column":14},"end":{"line":61,"column":43}},"type":"binary-expr","locations":[{"start":{"line":61,"column":14},"end":{"line":61,"column":32}},{"start":{"line":61,"column":36},"end":{"line":61,"column":43}}]},"6":{"loc":{"start":{"line":63,"column":11},"end":{"line":106,"column":5}},"type":"if","locations":[{"start":{"line":63,"column":11},"end":{"line":106,"column":5}},{"start":{"line":85,"column":11},"end":{"line":106,"column":5}}]},"7":{"loc":{"start":{"line":71,"column":6},"end":{"line":84,"column":7}},"type":"if","locations":[{"start":{"line":71,"column":6},"end":{"line":84,"column":7}},{"start":{"line":74,"column":13},"end":{"line":84,"column":7}}]},"8":{"loc":{"start":{"line":74,"column":13},"end":{"line":84,"column":7}},"type":"if","locations":[{"start":{"line":74,"column":13},"end":{"line":84,"column":7}},{"start":{"line":77,"column":13},"end":{"line":84,"column":7}}]},"9":{"loc":{"start":{"line":77,"column":13},"end":{"line":84,"column":7}},"type":"if","locations":[{"start":{"line":77,"column":13},"end":{"line":84,"column":7}},{"start":{"line":80,"column":13},"end":{"line":84,"column":7}}]},"10":{"loc":{"start":{"line":81,"column":18},"end":{"line":83,"column":29}},"type":"cond-expr","locations":[{"start":{"line":82,"column":12},"end":{"line":82,"column":40}},{"start":{"line":83,"column":12},"end":{"line":83,"column":29}}]},"11":{"loc":{"start":{"line":85,"column":11},"end":{"line":106,"column":5}},"type":"if","locations":[{"start":{"line":85,"column":11},"end":{"line":106,"column":5}},{"start":{"line":91,"column":11},"end":{"line":106,"column":5}}]},"12":{"loc":{"start":{"line":91,"column":11},"end":{"line":106,"column":5}},"type":"if","locations":[{"start":{"line":91,"column":11},"end":{"line":106,"column":5}},{"start":{"line":101,"column":11},"end":{"line":106,"column":5}}]},"13":{"loc":{"start":{"line":98,"column":16},"end":{"line":100,"column":27}},"type":"cond-expr","locations":[{"start":{"line":99,"column":10},"end":{"line":99,"column":65}},{"start":{"line":100,"column":10},"end":{"line":100,"column":27}}]},"14":{"loc":{"start":{"line":120,"column":4},"end":{"line":122,"column":5}},"type":"if","locations":[{"start":{"line":120,"column":4},"end":{"line":122,"column":5}},{"start":{},"end":{}}]},"15":{"loc":{"start":{"line":120,"column":8},"end":{"line":120,"column":30}},"type":"binary-expr","locations":[{"start":{"line":120,"column":8},"end":{"line":120,"column":21}},{"start":{"line":120,"column":25},"end":{"line":120,"column":30}}]},"16":{"loc":{"start":{"line":151,"column":10},"end":{"line":151,"column":58}},"type":"binary-expr","locations":[{"start":{"line":151,"column":10},"end":{"line":151,"column":20}},{"start":{"line":151,"column":24},"end":{"line":151,"column":58}}]},"17":{"loc":{"start":{"line":152,"column":21},"end":{"line":152,"column":62}},"type":"binary-expr","locations":[{"start":{"line":152,"column":21},"end":{"line":152,"column":49}},{"start":{"line":152,"column":53},"end":{"line":152,"column":62}}]},"18":{"loc":{"start":{"line":155,"column":4},"end":{"line":163,"column":5}},"type":"if","locations":[{"start":{"line":155,"column":4},"end":{"line":163,"column":5}},{"start":{"line":161,"column":11},"end":{"line":163,"column":5}}]},"19":{"loc":{"start":{"line":159,"column":15},"end":{"line":159,"column":90}},"type":"binary-expr","locations":[{"start":{"line":159,"column":15},"end":{"line":159,"column":20}},{"start":{"line":159,"column":25},"end":{"line":159,"column":89}}]},"20":{"loc":{"start":{"line":159,"column":25},"end":{"line":159,"column":89}},"type":"cond-expr","locations":[{"start":{"line":159,"column":54},"end":{"line":159,"column":69}},{"start":{"line":159,"column":72},"end":{"line":159,"column":89}}]},"21":{"loc":{"start":{"line":161,"column":11},"end":{"line":163,"column":5}},"type":"if","locations":[{"start":{"line":161,"column":11},"end":{"line":163,"column":5}},{"start":{},"end":{}}]},"22":{"loc":{"start":{"line":28,"column":39},"end":{"line":28,"column":null}},"type":"cond-expr","locations":[{"start":{"line":28,"column":52},"end":{"line":28,"column":null}},{"start":{"line":28,"column":52},"end":{"line":28,"column":null}}]},"23":{"loc":{"start":{"line":28,"column":39},"end":{"line":28,"column":52}},"type":"binary-expr","locations":[{"start":{"line":28,"column":39},"end":{"line":28,"column":null}},{"start":{"line":28,"column":39},"end":{"line":28,"column":52}}]}},"s":{"0":0,"1":0,"2":0,"3":0,"4":0,"5":0,"6":0,"7":0,"8":0,"9":0,"10":0,"11":0,"12":0,"13":0,"14":0,"15":0,"16":0,"17":0,"18":0,"19":0,"20":0,"21":0,"22":0,"23":0,"24":0,"25":0,"26":0,"27":0,"28":0,"29":0,"30":0,"31":0,"32":0,"33":0,"34":0,"35":0,"36":0,"37":0,"38":0,"39":0,"40":0,"41":0,"42":0,"43":0,"44":0,"45":0,"46":0,"47":0,"48":0,"49":0,"50":0,"51":0,"52":0,"53":0,"54":0,"55":0,"56":0,"57":0,"58":0,"59":0,"60":0,"61":0},"f":{"0":0,"1":0,"2":0},"b":{"0":[0,0],"1":[0,0],"2":[0,0],"3":[0,0],"4":[0,0],"5":[0,0],"6":[0,0],"7":[0,0],"8":[0,0],"9":[0,0],"10":[0,0],"11":[0,0],"12":[0,0],"13":[0,0],"14":[0,0],"15":[0,0],"16":[0,0],"17":[0,0],"18":[0,0],"19":[0,0],"20":[0,0],"21":[0,0],"22":[0,0],"23":[0,0]}}
,"C:\\Users\\Usuario\\Desktop\\ideahub-mvp-cq5di9x2c\\backend\\src\\common\\filters\\http-exception.filter.ts": {"path":"C:\\Users\\Usuario\\Desktop\\ideahub-mvp-cq5di9x2c\\backend\\src\\common\\filters\\http-exception.filter.ts","statementMap":{"0":{"start":{"line":1,"column":0},"end":{"line":1,"column":null}},"1":{"start":{"line":9,"column":0},"end":{"line":9,"column":36}},"2":{"start":{"line":10,"column":0},"end":{"line":10,"column":42}},"3":{"start":{"line":34,"column":7},"end":{"line":127,"column":null}},"4":{"start":{"line":35,"column":31},"end":{"line":35,"column":39}},"5":{"start":{"line":36,"column":4},"end":{"line":36,"column":50}},"6":{"start":{"line":40,"column":16},"end":{"line":40,"column":35}},"7":{"start":{"line":41,"column":21},"end":{"line":41,"column":48}},"8":{"start":{"line":42,"column":20},"end":{"line":42,"column":45}},"9":{"start":{"line":43,"column":19},"end":{"line":43,"column":40}},"10":{"start":{"line":44,"column":30},"end":{"line":44,"column":53}},"11":{"start":{"line":46,"column":25},"end":{"line":46,"column":62}},"12":{"start":{"line":47,"column":22},"end":{"line":47,"column":30}},"13":{"start":{"line":54,"column":4},"end":{"line":65,"column":5}},"14":{"start":{"line":55,"column":6},"end":{"line":55,"column":34}},"15":{"start":{"line":56,"column":6},"end":{"line":56,"column":44}},"16":{"start":{"line":57,"column":11},"end":{"line":65,"column":5}},"17":{"start":{"line":58,"column":26},"end":{"line":58,"column":70}},"18":{"start":{"line":59,"column":6},"end":{"line":59,"column":80}},"19":{"start":{"line":60,"column":6},"end":{"line":60,"column":77}},"20":{"start":{"line":61,"column":6},"end":{"line":61,"column":36}},"21":{"start":{"line":63,"column":6},"end":{"line":63,"column":34}},"22":{"start":{"line":64,"column":6},"end":{"line":64,"column":44}},"23":{"start":{"line":68,"column":41},"end":{"line":76,"column":6}},"24":{"start":{"line":79,"column":4},"end":{"line":84,"column":5}},"25":{"start":{"line":80,"column":6},"end":{"line":80,"column":44}},"26":{"start":{"line":81,"column":6},"end":{"line":83,"column":7}},"27":{"start":{"line":82,"column":8},"end":{"line":82,"column":40}},"28":{"start":{"line":87,"column":4},"end":{"line":87,"column":66}},"29":{"start":{"line":89,"column":4},"end":{"line":89,"column":48}},"30":{"start":{"line":102,"column":23},"end":{"line":102,"column":76}},"31":{"start":{"line":103,"column":20},"end":{"line":103,"column":76}},"32":{"start":{"line":106,"column":20},"end":{"line":114,"column":6}},"33":{"start":{"line":116,"column":4},"end":{"line":125,"column":5}},"34":{"start":{"line":117,"column":6},"end":{"line":120,"column":9}},"35":{"start":{"line":121,"column":11},"end":{"line":125,"column":5}},"36":{"start":{"line":122,"column":6},"end":{"line":122,"column":59}},"37":{"start":{"line":124,"column":6},"end":{"line":124,"column":59}},"38":{"start":{"line":34,"column":13},"end":{"line":34,"column":32}},"39":{"start":{"line":34,"column":13},"end":{"line":127,"column":null}}},"fnMap":{"0":{"name":"(anonymous_2)","decl":{"start":{"line":35,"column":2},"end":{"line":35,"column":31}},"loc":{"start":{"line":35,"column":52},"end":{"line":37,"column":3}}},"1":{"name":"(anonymous_3)","decl":{"start":{"line":39,"column":2},"end":{"line":39,"column":7}},"loc":{"start":{"line":39,"column":53},"end":{"line":90,"column":3}}},"2":{"name":"(anonymous_4)","decl":{"start":{"line":95,"column":10},"end":{"line":95,"column":18}},"loc":{"start":{"line":100,"column":28},"end":{"line":126,"column":3}}}},"branchMap":{"0":{"loc":{"start":{"line":54,"column":4},"end":{"line":65,"column":5}},"type":"if","locations":[{"start":{"line":54,"column":4},"end":{"line":65,"column":5}},{"start":{"line":57,"column":11},"end":{"line":65,"column":5}}]},"1":{"loc":{"start":{"line":56,"column":14},"end":{"line":56,"column":43}},"type":"binary-expr","locations":[{"start":{"line":56,"column":14},"end":{"line":56,"column":32}},{"start":{"line":56,"column":36},"end":{"line":56,"column":43}}]},"2":{"loc":{"start":{"line":57,"column":11},"end":{"line":65,"column":5}},"type":"if","locations":[{"start":{"line":57,"column":11},"end":{"line":65,"column":5}},{"start":{"line":62,"column":11},"end":{"line":65,"column":5}}]},"3":{"loc":{"start":{"line":59,"column":17},"end":{"line":59,"column":79}},"type":"binary-expr","locations":[{"start":{"line":59,"column":17},"end":{"line":59,"column":58}},{"start":{"line":59,"column":62},"end":{"line":59,"column":79}}]},"4":{"loc":{"start":{"line":60,"column":15},"end":{"line":60,"column":76}},"type":"binary-expr","locations":[{"start":{"line":60,"column":15},"end":{"line":60,"column":43}},{"start":{"line":60,"column":47},"end":{"line":60,"column":65}},{"start":{"line":60,"column":69},"end":{"line":60,"column":76}}]},"5":{"loc":{"start":{"line":64,"column":14},"end":{"line":64,"column":43}},"type":"binary-expr","locations":[{"start":{"line":64,"column":14},"end":{"line":64,"column":32}},{"start":{"line":64,"column":36},"end":{"line":64,"column":43}}]},"6":{"loc":{"start":{"line":79,"column":4},"end":{"line":84,"column":5}},"type":"if","locations":[{"start":{"line":79,"column":4},"end":{"line":84,"column":5}},{"start":{},"end":{}}]},"7":{"loc":{"start":{"line":81,"column":6},"end":{"line":83,"column":7}},"type":"if","locations":[{"start":{"line":81,"column":6},"end":{"line":83,"column":7}},{"start":{},"end":{}}]},"8":{"loc":{"start":{"line":102,"column":23},"end":{"line":102,"column":76}},"type":"cond-expr","locations":[{"start":{"line":102,"column":48},"end":{"line":102,"column":66}},{"start":{"line":102,"column":69},"end":{"line":102,"column":76}}]},"9":{"loc":{"start":{"line":113,"column":10},"end":{"line":113,"column":58}},"type":"binary-expr","locations":[{"start":{"line":113,"column":10},"end":{"line":113,"column":20}},{"start":{"line":113,"column":24},"end":{"line":113,"column":58}}]},"10":{"loc":{"start":{"line":116,"column":4},"end":{"line":125,"column":5}},"type":"if","locations":[{"start":{"line":116,"column":4},"end":{"line":125,"column":5}},{"start":{"line":121,"column":11},"end":{"line":125,"column":5}}]},"11":{"loc":{"start":{"line":121,"column":11},"end":{"line":125,"column":5}},"type":"if","locations":[{"start":{"line":121,"column":11},"end":{"line":125,"column":5}},{"start":{"line":123,"column":11},"end":{"line":125,"column":5}}]},"12":{"loc":{"start":{"line":35,"column":39},"end":{"line":35,"column":null}},"type":"cond-expr","locations":[{"start":{"line":35,"column":52},"end":{"line":35,"column":null}},{"start":{"line":35,"column":52},"end":{"line":35,"column":null}}]},"13":{"loc":{"start":{"line":35,"column":39},"end":{"line":35,"column":52}},"type":"binary-expr","locations":[{"start":{"line":35,"column":39},"end":{"line":35,"column":null}},{"start":{"line":35,"column":39},"end":{"line":35,"column":52}}]}},"s":{"0":0,"1":0,"2":0,"3":0,"4":0,"5":0,"6":0,"7":0,"8":0,"9":0,"10":0,"11":0,"12":0,"13":0,"14":0,"15":0,"16":0,"17":0,"18":0,"19":0,"20":0,"21":0,"22":0,"23":0,"24":0,"25":0,"26":0,"27":0,"28":0,"29":0,"30":0,"31":0,"32":0,"33":0,"34":0,"35":0,"36":0,"37":0,"38":0,"39":0},"f":{"0":0,"1":0,"2":0},"b":{"0":[0,0],"1":[0,0],"2":[0,0],"3":[0,0],"4":[0,0,0],"5":[0,0],"6":[0,0],"7":[0,0],"8":[0,0],"9":[0,0],"10":[0,0],"11":[0,0],"12":[0,0],"13":[0,0]}}
,"C:\\Users\\Usuario\\Desktop\\ideahub-mvp-cq5di9x2c\\backend\\src\\common\\filters\\throttler-exception.filter.ts": {"path":"C:\\Users\\Usuario\\Desktop\\ideahub-mvp-cq5di9x2c\\backend\\src\\common\\filters\\throttler-exception.filter.ts","statementMap":{"0":{"start":{"line":1,"column":0},"end":{"line":1,"column":null}},"1":{"start":{"line":7,"column":0},"end":{"line":7,"column":55}},"2":{"start":{"line":9,"column":0},"end":{"line":9,"column":36}},"3":{"start":{"line":10,"column":0},"end":{"line":10,"column":42}},"4":{"start":{"line":17,"column":7},"end":{"line":78,"column":null}},"5":{"start":{"line":18,"column":31},"end":{"line":18,"column":39}},"6":{"start":{"line":19,"column":4},"end":{"line":19,"column":55}},"7":{"start":{"line":23,"column":16},"end":{"line":23,"column":35}},"8":{"start":{"line":24,"column":21},"end":{"line":24,"column":48}},"9":{"start":{"line":25,"column":20},"end":{"line":25,"column":45}},"10":{"start":{"line":27,"column":22},"end":{"line":27,"column":30}},"11":{"start":{"line":30,"column":30},"end":{"line":30,"column":32}},"12":{"start":{"line":33,"column":4},"end":{"line":33,"column":68}},"13":{"start":{"line":36,"column":18},"end":{"line":36,"column":62}},"14":{"start":{"line":37,"column":18},"end":{"line":37,"column":20}},"15":{"start":{"line":39,"column":17},"end":{"line":39,"column":34}},"16":{"start":{"line":40,"column":4},"end":{"line":51,"column":5}},"17":{"start":{"line":41,"column":6},"end":{"line":41,"column":43}},"18":{"start":{"line":42,"column":6},"end":{"line":43,"column":93}},"19":{"start":{"line":44,"column":11},"end":{"line":51,"column":5}},"20":{"start":{"line":45,"column":6},"end":{"line":45,"column":50}},"21":{"start":{"line":46,"column":6},"end":{"line":47,"column":78}},"22":{"start":{"line":48,"column":11},"end":{"line":51,"column":5}},"23":{"start":{"line":49,"column":6},"end":{"line":49,"column":51}},"24":{"start":{"line":50,"column":6},"end":{"line":50,"column":87}},"25":{"start":{"line":54,"column":20},"end":{"line":54,"column":76}},"26":{"start":{"line":55,"column":4},"end":{"line":65,"column":7}},"27":{"start":{"line":67,"column":4},"end":{"line":76,"column":7}},"28":{"start":{"line":17,"column":13},"end":{"line":17,"column":37}},"29":{"start":{"line":17,"column":13},"end":{"line":78,"column":null}}},"fnMap":{"0":{"name":"(anonymous_2)","decl":{"start":{"line":18,"column":2},"end":{"line":18,"column":31}},"loc":{"start":{"line":18,"column":52},"end":{"line":20,"column":3}}},"1":{"name":"(anonymous_3)","decl":{"start":{"line":22,"column":2},"end":{"line":22,"column":7}},"loc":{"start":{"line":22,"column":58},"end":{"line":77,"column":3}}}},"branchMap":{"0":{"loc":{"start":{"line":39,"column":17},"end":{"line":39,"column":34}},"type":"binary-expr","locations":[{"start":{"line":39,"column":17},"end":{"line":39,"column":28}},{"start":{"line":39,"column":32},"end":{"line":39,"column":34}}]},"1":{"loc":{"start":{"line":40,"column":4},"end":{"line":51,"column":5}},"type":"if","locations":[{"start":{"line":40,"column":4},"end":{"line":51,"column":5}},{"start":{"line":44,"column":11},"end":{"line":51,"column":5}}]},"2":{"loc":{"start":{"line":44,"column":11},"end":{"line":51,"column":5}},"type":"if","locations":[{"start":{"line":44,"column":11},"end":{"line":51,"column":5}},{"start":{"line":48,"column":11},"end":{"line":51,"column":5}}]},"3":{"loc":{"start":{"line":48,"column":11},"end":{"line":51,"column":5}},"type":"if","locations":[{"start":{"line":48,"column":11},"end":{"line":51,"column":5}},{"start":{},"end":{}}]},"4":{"loc":{"start":{"line":62,"column":10},"end":{"line":62,"column":58}},"type":"binary-expr","locations":[{"start":{"line":62,"column":10},"end":{"line":62,"column":20}},{"start":{"line":62,"column":24},"end":{"line":62,"column":58}}]},"5":{"loc":{"start":{"line":18,"column":39},"end":{"line":18,"column":null}},"type":"cond-expr","locations":[{"start":{"line":18,"column":52},"end":{"line":18,"column":null}},{"start":{"line":18,"column":52},"end":{"line":18,"column":null}}]},"6":{"loc":{"start":{"line":18,"column":39},"end":{"line":18,"column":52}},"type":"binary-expr","locations":[{"start":{"line":18,"column":39},"end":{"line":18,"column":null}},{"start":{"line":18,"column":39},"end":{"line":18,"column":52}}]}},"s":{"0":0,"1":0,"2":0,"3":0,"4":0,"5":0,"6":0,"7":0,"8":0,"9":0,"10":0,"11":0,"12":0,"13":0,"14":0,"15":0,"16":0,"17":0,"18":0,"19":0,"20":0,"21":0,"22":0,"23":0,"24":0,"25":0,"26":0,"27":0,"28":0,"29":0},"f":{"0":0,"1":0},"b":{"0":[0,0],"1":[0,0],"2":[0,0],"3":[0,0],"4":[0,0],"5":[0,0],"6":[0,0]}}
,"C:\\Users\\Usuario\\Desktop\\ideahub-mvp-cq5di9x2c\\backend\\src\\common\\guards\\jwt-auth.guard.ts": {"path":"C:\\Users\\Usuario\\Desktop\\ideahub-mvp-cq5di9x2c\\backend\\src\\common\\guards\\jwt-auth.guard.ts","statementMap":{"0":{"start":{"line":1,"column":0},"end":{"line":1,"column":44}},"1":{"start":{"line":2,"column":0},"end":{"line":2,"column":45}},"2":{"start":{"line":5,"column":7},"end":{"line":5,"column":null}},"3":{"start":{"line":5,"column":13},"end":{"line":5,"column":25}},"4":{"start":{"line":5,"column":13},"end":{"line":5,"column":null}}},"fnMap":{},"branchMap":{},"s":{"0":0,"1":0,"2":0,"3":0,"4":0},"f":{},"b":{}}
,"C:\\Users\\Usuario\\Desktop\\ideahub-mvp-cq5di9x2c\\backend\\src\\common\\interceptors\\audit.interceptor.ts": {"path":"C:\\Users\\Usuario\\Desktop\\ideahub-mvp-cq5di9x2c\\backend\\src\\common\\interceptors\\audit.interceptor.ts","statementMap":{"0":{"start":{"line":1,"column":0},"end":{"line":1,"column":null}},"1":{"start":{"line":22,"column":7},"end":{"line":43,"column":null}},"2":{"start":{"line":24,"column":20},"end":{"line":24,"column":55}},"3":{"start":{"line":25,"column":19},"end":{"line":25,"column":35}},"4":{"start":{"line":28,"column":4},"end":{"line":39,"column":5}},"5":{"start":{"line":29,"column":21},"end":{"line":29,"column":49}},"6":{"start":{"line":31,"column":6},"end":{"line":38,"column":7}},"7":{"start":{"line":33,"column":8},"end":{"line":33,"column":40}},"8":{"start":{"line":34,"column":8},"end":{"line":34,"column":40}},"9":{"start":{"line":35,"column":13},"end":{"line":38,"column":7}},"10":{"start":{"line":37,"column":8},"end":{"line":37,"column":40}},"11":{"start":{"line":41,"column":4},"end":{"line":41,"column":25}},"12":{"start":{"line":22,"column":13},"end":{"line":22,"column":29}},"13":{"start":{"line":22,"column":13},"end":{"line":43,"column":null}}},"fnMap":{"0":{"name":"(anonymous_1)","decl":{"start":{"line":23,"column":2},"end":{"line":23,"column":11}},"loc":{"start":{"line":23,"column":56},"end":{"line":42,"column":3}}}},"branchMap":{"0":{"loc":{"start":{"line":28,"column":4},"end":{"line":39,"column":5}},"type":"if","locations":[{"start":{"line":28,"column":4},"end":{"line":39,"column":5}},{"start":{},"end":{}}]},"1":{"loc":{"start":{"line":28,"column":8},"end":{"line":28,"column":30}},"type":"binary-expr","locations":[{"start":{"line":28,"column":8},"end":{"line":28,"column":20}},{"start":{"line":28,"column":24},"end":{"line":28,"column":30}}]},"2":{"loc":{"start":{"line":31,"column":6},"end":{"line":38,"column":7}},"type":"if","locations":[{"start":{"line":31,"column":6},"end":{"line":38,"column":7}},{"start":{"line":35,"column":13},"end":{"line":38,"column":7}}]},"3":{"loc":{"start":{"line":35,"column":13},"end":{"line":38,"column":7}},"type":"if","locations":[{"start":{"line":35,"column":13},"end":{"line":38,"column":7}},{"start":{},"end":{}}]},"4":{"loc":{"start":{"line":35,"column":17},"end":{"line":35,"column":55}},"type":"binary-expr","locations":[{"start":{"line":35,"column":17},"end":{"line":35,"column":35}},{"start":{"line":35,"column":39},"end":{"line":35,"column":55}}]}},"s":{"0":0,"1":0,"2":0,"3":0,"4":0,"5":0,"6":0,"7":0,"8":0,"9":0,"10":0,"11":0,"12":0,"13":0},"f":{"0":0},"b":{"0":[0,0],"1":[0,0],"2":[0,0],"3":[0,0],"4":[0,0]}}
,"C:\\Users\\Usuario\\Desktop\\ideahub-mvp-cq5di9x2c\\backend\\src\\common\\interfaces\\paginated-response.interface.ts": {"path":"C:\\Users\\Usuario\\Desktop\\ideahub-mvp-cq5di9x2c\\backend\\src\\common\\interfaces\\paginated-response.interface.ts","statementMap":{"0":{"start":{"line":37,"column":0},"end":{"line":37,"column":16}},"1":{"start":{"line":43,"column":21},"end":{"line":43,"column":45}},"2":{"start":{"line":45,"column":2},"end":{"line":55,"column":4}}},"fnMap":{"0":{"name":"createPaginatedResponse","decl":{"start":{"line":37,"column":16},"end":{"line":37,"column":39}},"loc":{"start":{"line":41,"column":15},"end":{"line":56,"column":1}}}},"branchMap":{},"s":{"0":0,"1":0,"2":0},"f":{"0":0},"b":{}}
,"C:\\Users\\Usuario\\Desktop\\ideahub-mvp-cq5di9x2c\\backend\\src\\common\\logger\\logger.service.ts": {"path":"C:\\Users\\Usuario\\Desktop\\ideahub-mvp-cq5di9x2c\\backend\\src\\common\\logger\\logger.service.ts","statementMap":{"0":{"start":{"line":1,"column":0},"end":{"line":1,"column":80}},"1":{"start":{"line":2,"column":0},"end":{"line":2,"column":35}},"2":{"start":{"line":20,"column":7},"end":{"line":166,"column":null}},"3":{"start":{"line":25,"column":25},"end":{"line":25,"column":62}},"4":{"start":{"line":28,"column":23},"end":{"line":45,"column":10}},"5":{"start":{"line":39,"column":26},"end":{"line":39,"column":59}},"6":{"start":{"line":40,"column":24},"end":{"line":40,"column":53}},"7":{"start":{"line":41,"column":24},"end":{"line":41,"column":56}},"8":{"start":{"line":42,"column":28},"end":{"line":42,"column":86}},"9":{"start":{"line":43,"column":12},"end":{"line":43,"column":85}},"10":{"start":{"line":47,"column":4},"end":{"line":56,"column":7}},"11":{"start":{"line":63,"column":4},"end":{"line":63,"column":27}},"12":{"start":{"line":64,"column":4},"end":{"line":64,"column":16}},"13":{"start":{"line":73,"column":17},"end":{"line":73,"column":46}},"14":{"start":{"line":74,"column":4},"end":{"line":74,"column":36}},"15":{"start":{"line":89,"column":4},"end":{"line":96,"column":5}},"16":{"start":{"line":90,"column":6},"end":{"line":93,"column":8}},"17":{"start":{"line":95,"column":6},"end":{"line":95,"column":41}},"18":{"start":{"line":98,"column":4},"end":{"line":98,"column":37}},"19":{"start":{"line":107,"column":17},"end":{"line":107,"column":46}},"20":{"start":{"line":108,"column":4},"end":{"line":108,"column":36}},"21":{"start":{"line":117,"column":17},"end":{"line":117,"column":46}},"22":{"start":{"line":118,"column":4},"end":{"line":118,"column":37}},"23":{"start":{"line":127,"column":17},"end":{"line":127,"column":46}},"24":{"start":{"line":128,"column":4},"end":{"line":128,"column":39}},"25":{"start":{"line":145,"column":21},"end":{"line":148,"column":6}},"26":{"start":{"line":149,"column":4},"end":{"line":149,"column":46}},"27":{"start":{"line":158,"column":4},"end":{"line":160,"column":5}},"28":{"start":{"line":159,"column":6},"end":{"line":159,"column":56}},"29":{"start":{"line":161,"column":4},"end":{"line":164,"column":6}},"30":{"start":{"line":20,"column":13},"end":{"line":20,"column":26}},"31":{"start":{"line":20,"column":13},"end":{"line":166,"column":null}}},"fnMap":{"0":{"name":"(anonymous_11)","decl":{"start":{"line":24,"column":2},"end":{"line":24,"column":null}},"loc":{"start":{"line":24,"column":2},"end":{"line":57,"column":3}}},"1":{"name":"(anonymous_12)","decl":{"start":{"line":38,"column":32},"end":{"line":38,"column":33}},"loc":{"start":{"line":38,"column":103},"end":{"line":44,"column":11}}},"2":{"name":"(anonymous_13)","decl":{"start":{"line":62,"column":2},"end":{"line":62,"column":12}},"loc":{"start":{"line":62,"column":28},"end":{"line":65,"column":3}}},"3":{"name":"(anonymous_14)","decl":{"start":{"line":72,"column":2},"end":{"line":72,"column":5}},"loc":{"start":{"line":72,"column":71},"end":{"line":75,"column":3}}},"4":{"name":"(anonymous_15)","decl":{"start":{"line":82,"column":2},"end":{"line":82,"column":7}},"loc":{"start":{"line":85,"column":20},"end":{"line":99,"column":3}}},"5":{"name":"(anonymous_16)","decl":{"start":{"line":106,"column":2},"end":{"line":106,"column":6}},"loc":{"start":{"line":106,"column":72},"end":{"line":109,"column":3}}},"6":{"name":"(anonymous_17)","decl":{"start":{"line":116,"column":2},"end":{"line":116,"column":7}},"loc":{"start":{"line":116,"column":73},"end":{"line":119,"column":3}}},"7":{"name":"(anonymous_18)","decl":{"start":{"line":126,"column":2},"end":{"line":126,"column":9}},"loc":{"start":{"line":126,"column":75},"end":{"line":129,"column":3}}},"8":{"name":"(anonymous_19)","decl":{"start":{"line":135,"column":2},"end":{"line":135,"column":13}},"loc":{"start":{"line":143,"column":5},"end":{"line":150,"column":3}}},"9":{"name":"(anonymous_20)","decl":{"start":{"line":155,"column":10},"end":{"line":155,"column":19}},"loc":{"start":{"line":156,"column":52},"end":{"line":165,"column":3}}}},"branchMap":{"0":{"loc":{"start":{"line":28,"column":23},"end":{"line":45,"column":10}},"type":"cond-expr","locations":[{"start":{"line":29,"column":8},"end":{"line":33,"column":null}},{"start":{"line":34,"column":8},"end":{"line":45,"column":10}}]},"1":{"loc":{"start":{"line":39,"column":26},"end":{"line":39,"column":59}},"type":"cond-expr","locations":[{"start":{"line":39,"column":38},"end":{"line":39,"column":54}},{"start":{"line":39,"column":57},"end":{"line":39,"column":59}}]},"2":{"loc":{"start":{"line":40,"column":24},"end":{"line":40,"column":53}},"type":"cond-expr","locations":[{"start":{"line":40,"column":34},"end":{"line":40,"column":48}},{"start":{"line":40,"column":51},"end":{"line":40,"column":53}}]},"3":{"loc":{"start":{"line":41,"column":24},"end":{"line":41,"column":56}},"type":"cond-expr","locations":[{"start":{"line":41,"column":33},"end":{"line":41,"column":51}},{"start":{"line":41,"column":54},"end":{"line":41,"column":56}}]},"4":{"loc":{"start":{"line":42,"column":28},"end":{"line":42,"column":86}},"type":"cond-expr","locations":[{"start":{"line":42,"column":55},"end":{"line":42,"column":81}},{"start":{"line":42,"column":84},"end":{"line":42,"column":86}}]},"5":{"loc":{"start":{"line":48,"column":13},"end":{"line":48,"column":71}},"type":"binary-expr","locations":[{"start":{"line":48,"column":13},"end":{"line":48,"column":34}},{"start":{"line":48,"column":39},"end":{"line":48,"column":70}}]},"6":{"loc":{"start":{"line":48,"column":39},"end":{"line":48,"column":70}},"type":"cond-expr","locations":[{"start":{"line":48,"column":54},"end":{"line":48,"column":60}},{"start":{"line":48,"column":63},"end":{"line":48,"column":70}}]},"7":{"loc":{"start":{"line":89,"column":4},"end":{"line":96,"column":5}},"type":"if","locations":[{"start":{"line":89,"column":4},"end":{"line":96,"column":5}},{"start":{"line":94,"column":11},"end":{"line":96,"column":5}}]},"8":{"loc":{"start":{"line":91,"column":17},"end":{"line":91,"column":40}},"type":"binary-expr","locations":[{"start":{"line":91,"column":17},"end":{"line":91,"column":24}},{"start":{"line":91,"column":28},"end":{"line":91,"column":40}}]},"9":{"loc":{"start":{"line":147,"column":15},"end":{"line":147,"column":43}},"type":"binary-expr","locations":[{"start":{"line":147,"column":15},"end":{"line":147,"column":27}},{"start":{"line":147,"column":31},"end":{"line":147,"column":43}}]},"10":{"loc":{"start":{"line":158,"column":4},"end":{"line":160,"column":5}},"type":"if","locations":[{"start":{"line":158,"column":4},"end":{"line":160,"column":5}},{"start":{},"end":{}}]},"11":{"loc":{"start":{"line":159,"column":24},"end":{"line":159,"column":53}},"type":"binary-expr","locations":[{"start":{"line":159,"column":24},"end":{"line":159,"column":37}},{"start":{"line":159,"column":41},"end":{"line":159,"column":53}}]}},"s":{"0":0,"1":0,"2":0,"3":0,"4":0,"5":0,"6":0,"7":0,"8":0,"9":0,"10":0,"11":0,"12":0,"13":0,"14":0,"15":0,"16":0,"17":0,"18":0,"19":0,"20":0,"21":0,"22":0,"23":0,"24":0,"25":0,"26":0,"27":0,"28":0,"29":0,"30":0,"31":0},"f":{"0":0,"1":0,"2":0,"3":0,"4":0,"5":0,"6":0,"7":0,"8":0,"9":0},"b":{"0":[0,0],"1":[0,0],"2":[0,0],"3":[0,0],"4":[0,0],"5":[0,0],"6":[0,0],"7":[0,0],"8":[0,0],"9":[0,0],"10":[0,0],"11":[0,0]}}
,"C:\\Users\\Usuario\\Desktop\\ideahub-mvp-cq5di9x2c\\backend\\src\\common\\pipes\\sanitize.pipe.ts": {"path":"C:\\Users\\Usuario\\Desktop\\ideahub-mvp-cq5di9x2c\\backend\\src\\common\\pipes\\sanitize.pipe.ts","statementMap":{"0":{"start":{"line":1,"column":0},"end":{"line":1,"column":77}},"1":{"start":{"line":2,"column":0},"end":{"line":2,"column":41}},"2":{"start":{"line":7,"column":24},"end":{"line":35,"column":2}},"3":{"start":{"line":41,"column":24},"end":{"line":41,"column":69}},"4":{"start":{"line":60,"column":7},"end":{"line":122,"column":null}},"5":{"start":{"line":63,"column":4},"end":{"line":65,"column":5}},"6":{"start":{"line":64,"column":6},"end":{"line":64,"column":19}},"7":{"start":{"line":67,"column":4},"end":{"line":69,"column":5}},"8":{"start":{"line":68,"column":6},"end":{"line":68,"column":47}},"9":{"start":{"line":71,"column":4},"end":{"line":73,"column":5}},"10":{"start":{"line":72,"column":6},"end":{"line":72,"column":40}},"11":{"start":{"line":75,"column":4},"end":{"line":75,"column":17}},"12":{"start":{"line":84,"column":19},"end":{"line":84,"column":84}},"13":{"start":{"line":85,"column":4},"end":{"line":85,"column":39}},"14":{"start":{"line":94,"column":4},"end":{"line":96,"column":5}},"15":{"start":{"line":95,"column":6},"end":{"line":95,"column":17}},"16":{"start":{"line":98,"column":4},"end":{"line":100,"column":5}},"17":{"start":{"line":99,"column":6},"end":{"line":99,"column":69}},"18":{"start":{"line":99,"column":31},"end":{"line":99,"column":67}},"19":{"start":{"line":102,"column":4},"end":{"line":118,"column":5}},"20":{"start":{"line":103,"column":49},"end":{"line":103,"column":51}},"21":{"start":{"line":105,"column":6},"end":{"line":115,"column":7}},"22":{"start":{"line":106,"column":8},"end":{"line":114,"column":9}},"23":{"start":{"line":108,"column":32},"end":{"line":108,"column":75}},"24":{"start":{"line":109,"column":10},"end":{"line":109,"column":69}},"25":{"start":{"line":110,"column":15},"end":{"line":114,"column":9}},"26":{"start":{"line":111,"column":10},"end":{"line":111,"column":59}},"27":{"start":{"line":113,"column":10},"end":{"line":113,"column":33}},"28":{"start":{"line":117,"column":6},"end":{"line":117,"column":23}},"29":{"start":{"line":120,"column":4},"end":{"line":120,"column":15}},"30":{"start":{"line":60,"column":13},"end":{"line":60,"column":25}},"31":{"start":{"line":60,"column":13},"end":{"line":122,"column":null}}},"fnMap":{"0":{"name":"(anonymous_2)","decl":{"start":{"line":61,"column":2},"end":{"line":61,"column":11}},"loc":{"start":{"line":61,"column":54},"end":{"line":76,"column":3}}},"1":{"name":"(anonymous_3)","decl":{"start":{"line":83,"column":10},"end":{"line":83,"column":24}},"loc":{"start":{"line":83,"column":62},"end":{"line":86,"column":3}}},"2":{"name":"(anonymous_4)","decl":{"start":{"line":93,"column":10},"end":{"line":93,"column":24}},"loc":{"start":{"line":93,"column":57},"end":{"line":121,"column":3}}},"3":{"name":"(anonymous_5)","decl":{"start":{"line":99,"column":21},"end":{"line":99,"column":22}},"loc":{"start":{"line":99,"column":31},"end":{"line":99,"column":67}}}},"branchMap":{"0":{"loc":{"start":{"line":63,"column":4},"end":{"line":65,"column":5}},"type":"if","locations":[{"start":{"line":63,"column":4},"end":{"line":65,"column":5}},{"start":{},"end":{}}]},"1":{"loc":{"start":{"line":67,"column":4},"end":{"line":69,"column":5}},"type":"if","locations":[{"start":{"line":67,"column":4},"end":{"line":69,"column":5}},{"start":{},"end":{}}]},"2":{"loc":{"start":{"line":71,"column":4},"end":{"line":73,"column":5}},"type":"if","locations":[{"start":{"line":71,"column":4},"end":{"line":73,"column":5}},{"start":{},"end":{}}]},"3":{"loc":{"start":{"line":71,"column":8},"end":{"line":71,"column":51}},"type":"binary-expr","locations":[{"start":{"line":71,"column":8},"end":{"line":71,"column":33}},{"start":{"line":71,"column":37},"end":{"line":71,"column":51}}]},"4":{"loc":{"start":{"line":84,"column":19},"end":{"line":84,"column":84}},"type":"cond-expr","locations":[{"start":{"line":84,"column":35},"end":{"line":84,"column":59}},{"start":{"line":84,"column":62},"end":{"line":84,"column":84}}]},"5":{"loc":{"start":{"line":94,"column":4},"end":{"line":96,"column":5}},"type":"if","locations":[{"start":{"line":94,"column":4},"end":{"line":96,"column":5}},{"start":{},"end":{}}]},"6":{"loc":{"start":{"line":94,"column":8},"end":{"line":94,"column":41}},"type":"binary-expr","locations":[{"start":{"line":94,"column":8},"end":{"line":94,"column":20}},{"start":{"line":94,"column":24},"end":{"line":94,"column":41}}]},"7":{"loc":{"start":{"line":98,"column":4},"end":{"line":100,"column":5}},"type":"if","locations":[{"start":{"line":98,"column":4},"end":{"line":100,"column":5}},{"start":{},"end":{}}]},"8":{"loc":{"start":{"line":102,"column":4},"end":{"line":118,"column":5}},"type":"if","locations":[{"start":{"line":102,"column":4},"end":{"line":118,"column":5}},{"start":{},"end":{}}]},"9":{"loc":{"start":{"line":106,"column":8},"end":{"line":114,"column":9}},"type":"if","locations":[{"start":{"line":106,"column":8},"end":{"line":114,"column":9}},{"start":{"line":110,"column":15},"end":{"line":114,"column":9}}]},"10":{"loc":{"start":{"line":110,"column":15},"end":{"line":114,"column":9}},"type":"if","locations":[{"start":{"line":110,"column":15},"end":{"line":114,"column":9}},{"start":{"line":112,"column":15},"end":{"line":114,"column":9}}]},"11":{"loc":{"start":{"line":110,"column":19},"end":{"line":110,"column":62}},"type":"binary-expr","locations":[{"start":{"line":110,"column":19},"end":{"line":110,"column":44}},{"start":{"line":110,"column":48},"end":{"line":110,"column":62}}]}},"s":{"0":0,"1":0,"2":0,"3":0,"4":0,"5":0,"6":0,"7":0,"8":0,"9":0,"10":0,"11":0,"12":0,"13":0,"14":0,"15":0,"16":0,"17":0,"18":0,"19":0,"20":0,"21":0,"22":0,"23":0,"24":0,"25":0,"26":0,"27":0,"28":0,"29":0,"30":0,"31":0},"f":{"0":0,"1":0,"2":0,"3":0},"b":{"0":[0,0],"1":[0,0],"2":[0,0],"3":[0,0],"4":[0,0],"5":[0,0],"6":[0,0],"7":[0,0],"8":[0,0],"9":[0,0],"10":[0,0],"11":[0,0]}}
,"C:\\Users\\Usuario\\Desktop\\ideahub-mvp-cq5di9x2c\\backend\\src\\common\\schemas\\document-jsonb.schemas.ts": {"path":"C:\\Users\\Usuario\\Desktop\\ideahub-mvp-cq5di9x2c\\backend\\src\\common\\schemas\\document-jsonb.schemas.ts","statementMap":{"0":{"start":{"line":1,"column":0},"end":{"line":1,"column":24}},"1":{"start":{"line":9,"column":13},"end":{"line":14,"column":3}},"2":{"start":{"line":16,"column":13},"end":{"line":16,"column":80}}},"fnMap":{},"branchMap":{},"s":{"0":0,"1":0,"2":0},"f":{},"b":{}}
,"C:\\Users\\Usuario\\Desktop\\ideahub-mvp-cq5di9x2c\\backend\\src\\common\\schemas\\idea-jsonb.schemas.ts": {"path":"C:\\Users\\Usuario\\Desktop\\ideahub-mvp-cq5di9x2c\\backend\\src\\common\\schemas\\idea-jsonb.schemas.ts","statementMap":{"0":{"start":{"line":1,"column":0},"end":{"line":1,"column":24}},"1":{"start":{"line":9,"column":13},"end":{"line":13,"column":3}},"2":{"start":{"line":15,"column":13},"end":{"line":15,"column":71}},"3":{"start":{"line":20,"column":13},"end":{"line":26,"column":3}},"4":{"start":{"line":28,"column":13},"end":{"line":28,"column":70}},"5":{"start":{"line":33,"column":13},"end":{"line":37,"column":3}},"6":{"start":{"line":39,"column":13},"end":{"line":39,"column":58}},"7":{"start":{"line":44,"column":13},"end":{"line":49,"column":3}},"8":{"start":{"line":51,"column":13},"end":{"line":51,"column":66}},"9":{"start":{"line":56,"column":13},"end":{"line":61,"column":14}},"10":{"start":{"line":66,"column":13},"end":{"line":71,"column":3}},"11":{"start":{"line":73,"column":13},"end":{"line":73,"column":69}}},"fnMap":{},"branchMap":{},"s":{"0":0,"1":0,"2":0,"3":0,"4":0,"5":0,"6":0,"7":0,"8":0,"9":0,"10":0,"11":0},"f":{},"b":{}}
,"C:\\Users\\Usuario\\Desktop\\ideahub-mvp-cq5di9x2c\\backend\\src\\common\\validators\\jsonb.validator.ts": {"path":"C:\\Users\\Usuario\\Desktop\\ideahub-mvp-cq5di9x2c\\backend\\src\\common\\validators\\jsonb.validator.ts","statementMap":{"0":{"start":{"line":21,"column":0},"end":{"line":21,"column":16}},"1":{"start":{"line":61,"column":0},"end":{"line":61,"column":16}},"2":{"start":{"line":1,"column":0},"end":{"line":1,"column":null}},"3":{"start":{"line":25,"column":2},"end":{"line":54,"column":4}},"4":{"start":{"line":26,"column":4},"end":{"line":53,"column":7}},"5":{"start":{"line":34,"column":10},"end":{"line":36,"column":11}},"6":{"start":{"line":35,"column":12},"end":{"line":35,"column":24}},"7":{"start":{"line":38,"column":25},"end":{"line":38,"column":48}},"8":{"start":{"line":39,"column":10},"end":{"line":39,"column":32}},"9":{"start":{"line":42,"column":25},"end":{"line":42,"column":53}},"10":{"start":{"line":43,"column":10},"end":{"line":49,"column":11}},"11":{"start":{"line":45,"column":31},"end":{"line":45,"column":53}},"12":{"start":{"line":46,"column":25},"end":{"line":46,"column":50}},"13":{"start":{"line":47,"column":28},"end":{"line":47,"column":46}},"14":{"start":{"line":48,"column":12},"end":{"line":48,"column":75}},"15":{"start":{"line":50,"column":10},"end":{"line":50,"column":58}},"16":{"start":{"line":65,"column":2},"end":{"line":104,"column":4}},"17":{"start":{"line":66,"column":4},"end":{"line":103,"column":7}},"18":{"start":{"line":73,"column":10},"end":{"line":75,"column":11}},"19":{"start":{"line":74,"column":12},"end":{"line":74,"column":24}},"20":{"start":{"line":77,"column":10},"end":{"line":79,"column":11}},"21":{"start":{"line":78,"column":12},"end":{"line":78,"column":25}},"22":{"start":{"line":81,"column":10},"end":{"line":81,"column":75}},"23":{"start":{"line":81,"column":39},"end":{"line":81,"column":73}},"24":{"start":{"line":84,"column":24},"end":{"line":84,"column":34}},"25":{"start":{"line":86,"column":10},"end":{"line":88,"column":11}},"26":{"start":{"line":87,"column":12},"end":{"line":87,"column":55}},"27":{"start":{"line":91,"column":10},"end":{"line":98,"column":11}},"28":{"start":{"line":91,"column":23},"end":{"line":91,"column":24}},"29":{"start":{"line":92,"column":27},"end":{"line":92,"column":57}},"30":{"start":{"line":93,"column":12},"end":{"line":97,"column":13}},"31":{"start":{"line":94,"column":33},"end":{"line":94,"column":55}},"32":{"start":{"line":95,"column":27},"end":{"line":95,"column":52}},"33":{"start":{"line":96,"column":14},"end":{"line":96,"column":94}},"34":{"start":{"line":100,"column":10},"end":{"line":100,"column":59}}},"fnMap":{"0":{"name":"IsValidJsonb","decl":{"start":{"line":21,"column":16},"end":{"line":21,"column":28}},"loc":{"start":{"line":23,"column":39},"end":{"line":55,"column":1}}},"1":{"name":"(anonymous_1)","decl":{"start":{"line":25,"column":9},"end":{"line":25,"column":19}},"loc":{"start":{"line":25,"column":55},"end":{"line":54,"column":3}}},"2":{"name":"(anonymous_2)","decl":{"start":{"line":32,"column":8},"end":{"line":32,"column":16}},"loc":{"start":{"line":32,"column":31},"end":{"line":40,"column":9}}},"3":{"name":"(anonymous_3)","decl":{"start":{"line":41,"column":8},"end":{"line":41,"column":22}},"loc":{"start":{"line":41,"column":48},"end":{"line":51,"column":9}}},"4":{"name":"IsValidJsonbArray","decl":{"start":{"line":61,"column":16},"end":{"line":61,"column":33}},"loc":{"start":{"line":63,"column":39},"end":{"line":105,"column":1}}},"5":{"name":"(anonymous_5)","decl":{"start":{"line":65,"column":9},"end":{"line":65,"column":19}},"loc":{"start":{"line":65,"column":55},"end":{"line":104,"column":3}}},"6":{"name":"(anonymous_6)","decl":{"start":{"line":72,"column":8},"end":{"line":72,"column":16}},"loc":{"start":{"line":72,"column":31},"end":{"line":82,"column":9}}},"7":{"name":"(anonymous_7)","decl":{"start":{"line":81,"column":29},"end":{"line":81,"column":30}},"loc":{"start":{"line":81,"column":39},"end":{"line":81,"column":73}}},"8":{"name":"(anonymous_8)","decl":{"start":{"line":83,"column":8},"end":{"line":83,"column":22}},"loc":{"start":{"line":83,"column":48},"end":{"line":101,"column":9}}}},"branchMap":{"0":{"loc":{"start":{"line":34,"column":10},"end":{"line":36,"column":11}},"type":"if","locations":[{"start":{"line":34,"column":10},"end":{"line":36,"column":11}},{"start":{},"end":{}}]},"1":{"loc":{"start":{"line":34,"column":14},"end":{"line":34,"column":51}},"type":"binary-expr","locations":[{"start":{"line":34,"column":14},"end":{"line":34,"column":33}},{"start":{"line":34,"column":37},"end":{"line":34,"column":51}}]},"2":{"loc":{"start":{"line":43,"column":10},"end":{"line":49,"column":11}},"type":"if","locations":[{"start":{"line":43,"column":10},"end":{"line":49,"column":11}},{"start":{},"end":{}}]},"3":{"loc":{"start":{"line":48,"column":38},"end":{"line":48,"column":60}},"type":"cond-expr","locations":[{"start":{"line":48,"column":45},"end":{"line":48,"column":55}},{"start":{"line":48,"column":58},"end":{"line":48,"column":60}}]},"4":{"loc":{"start":{"line":73,"column":10},"end":{"line":75,"column":11}},"type":"if","locations":[{"start":{"line":73,"column":10},"end":{"line":75,"column":11}},{"start":{},"end":{}}]},"5":{"loc":{"start":{"line":73,"column":14},"end":{"line":73,"column":51}},"type":"binary-expr","locations":[{"start":{"line":73,"column":14},"end":{"line":73,"column":33}},{"start":{"line":73,"column":37},"end":{"line":73,"column":51}}]},"6":{"loc":{"start":{"line":77,"column":10},"end":{"line":79,"column":11}},"type":"if","locations":[{"start":{"line":77,"column":10},"end":{"line":79,"column":11}},{"start":{},"end":{}}]},"7":{"loc":{"start":{"line":86,"column":10},"end":{"line":88,"column":11}},"type":"if","locations":[{"start":{"line":86,"column":10},"end":{"line":88,"column":11}},{"start":{},"end":{}}]},"8":{"loc":{"start":{"line":93,"column":12},"end":{"line":97,"column":13}},"type":"if","locations":[{"start":{"line":93,"column":12},"end":{"line":97,"column":13}},{"start":{},"end":{}}]},"9":{"loc":{"start":{"line":96,"column":46},"end":{"line":96,"column":68}},"type":"cond-expr","locations":[{"start":{"line":96,"column":53},"end":{"line":96,"column":63}},{"start":{"line":96,"column":66},"end":{"line":96,"column":68}}]}},"s":{"0":0,"1":0,"2":0,"3":0,"4":0,"5":0,"6":0,"7":0,"8":0,"9":0,"10":0,"11":0,"12":0,"13":0,"14":0,"15":0,"16":0,"17":0,"18":0,"19":0,"20":0,"21":0,"22":0,"23":0,"24":0,"25":0,"26":0,"27":0,"28":0,"29":0,"30":0,"31":0,"32":0,"33":0,"34":0},"f":{"0":0,"1":0,"2":0,"3":0,"4":0,"5":0,"6":0,"7":0,"8":0},"b":{"0":[0,0],"1":[0,0],"2":[0,0],"3":[0,0],"4":[0,0],"5":[0,0],"6":[0,0],"7":[0,0],"8":[0,0],"9":[0,0]}}
,"C:\\Users\\Usuario\\Desktop\\ideahub-mvp-cq5di9x2c\\backend\\src\\common\\validators\\unique-email.validator.ts": {"path":"C:\\Users\\Usuario\\Desktop\\ideahub-mvp-cq5di9x2c\\backend\\src\\common\\validators\\unique-email.validator.ts","statementMap":{"0":{"start":{"line":54,"column":0},"end":{"line":54,"column":16}},"1":{"start":{"line":1,"column":0},"end":{"line":1,"column":null}},"2":{"start":{"line":7,"column":0},"end":{"line":7,"column":44}},"3":{"start":{"line":8,"column":0},"end":{"line":8,"column":51}},"4":{"start":{"line":9,"column":0},"end":{"line":9,"column":37}},"5":{"start":{"line":10,"column":0},"end":{"line":10,"column":64}},"6":{"start":{"line":21,"column":7},"end":{"line":42,"column":null}},"7":{"start":{"line":24,"column":12},"end":{"line":24,"column":29}},"8":{"start":{"line":28,"column":4},"end":{"line":30,"column":5}},"9":{"start":{"line":29,"column":6},"end":{"line":29,"column":18}},"10":{"start":{"line":32,"column":17},"end":{"line":34,"column":6}},"11":{"start":{"line":36,"column":4},"end":{"line":36,"column":17}},"12":{"start":{"line":40,"column":4},"end":{"line":40,"column":34}},"13":{"start":{"line":21,"column":13},"end":{"line":21,"column":36}},"14":{"start":{"line":21,"column":13},"end":{"line":42,"column":null}},"15":{"start":{"line":55,"column":2},"end":{"line":63,"column":4}},"16":{"start":{"line":56,"column":4},"end":{"line":62,"column":7}}},"fnMap":{"0":{"name":"(anonymous_4)","decl":{"start":{"line":22,"column":2},"end":{"line":22,"column":null}},"loc":{"start":{"line":24,"column":45},"end":{"line":25,"column":6}}},"1":{"name":"(anonymous_5)","decl":{"start":{"line":27,"column":2},"end":{"line":27,"column":7}},"loc":{"start":{"line":27,"column":30},"end":{"line":37,"column":3}}},"2":{"name":"(anonymous_6)","decl":{"start":{"line":39,"column":2},"end":{"line":39,"column":16}},"loc":{"start":{"line":39,"column":16},"end":{"line":41,"column":3}}},"3":{"name":"IsEmailUnique","decl":{"start":{"line":54,"column":16},"end":{"line":54,"column":29}},"loc":{"start":{"line":54,"column":67},"end":{"line":64,"column":1}}},"4":{"name":"(anonymous_8)","decl":{"start":{"line":55,"column":9},"end":{"line":55,"column":19}},"loc":{"start":{"line":55,"column":55},"end":{"line":63,"column":3}}}},"branchMap":{"0":{"loc":{"start":{"line":28,"column":4},"end":{"line":30,"column":5}},"type":"if","locations":[{"start":{"line":28,"column":4},"end":{"line":30,"column":5}},{"start":{},"end":{}}]},"1":{"loc":{"start":{"line":24,"column":29},"end":{"line":24,"column":45}},"type":"cond-expr","locations":[{"start":{"line":24,"column":39},"end":{"line":24,"column":45}},{"start":{"line":24,"column":39},"end":{"line":24,"column":45}}]},"2":{"loc":{"start":{"line":24,"column":29},"end":{"line":24,"column":39}},"type":"binary-expr","locations":[{"start":{"line":24,"column":29},"end":{"line":24,"column":45}},{"start":{"line":24,"column":29},"end":{"line":24,"column":39}}]}},"s":{"0":0,"1":0,"2":0,"3":0,"4":0,"5":0,"6":0,"7":0,"8":0,"9":0,"10":0,"11":0,"12":0,"13":0,"14":0,"15":0,"16":0},"f":{"0":0,"1":0,"2":0,"3":0,"4":0},"b":{"0":[0,0],"1":[0,0],"2":[0,0]}}
,"C:\\Users\\Usuario\\Desktop\\ideahub-mvp-cq5di9x2c\\backend\\src\\config\\data-source.ts": {"path":"C:\\Users\\Usuario\\Desktop\\ideahub-mvp-cq5di9x2c\\backend\\src\\config\\data-source.ts","statementMap":{"0":{"start":{"line":1,"column":0},"end":{"line":1,"column":56}},"1":{"start":{"line":2,"column":0},"end":{"line":2,"column":32}},"2":{"start":{"line":5,"column":0},"end":{"line":5,"column":9}},"3":{"start":{"line":11,"column":13},"end":{"line":30,"column":2}},"4":{"start":{"line":33,"column":19},"end":{"line":33,"column":52}},"5":{"start":{"line":34,"column":0},"end":{"line":34,"column":26}}},"fnMap":{},"branchMap":{"0":{"loc":{"start":{"line":13,"column":8},"end":{"line":13,"column":48}},"type":"binary-expr","locations":[{"start":{"line":13,"column":8},"end":{"line":13,"column":33}},{"start":{"line":13,"column":37},"end":{"line":13,"column":48}}]},"1":{"loc":{"start":{"line":14,"column":17},"end":{"line":14,"column":52}},"type":"binary-expr","locations":[{"start":{"line":14,"column":17},"end":{"line":14,"column":42}},{"start":{"line":14,"column":46},"end":{"line":14,"column":52}}]},"2":{"loc":{"start":{"line":15,"column":12},"end":{"line":15,"column":50}},"type":"binary-expr","locations":[{"start":{"line":15,"column":12},"end":{"line":15,"column":37}},{"start":{"line":15,"column":41},"end":{"line":15,"column":50}}]},"3":{"loc":{"start":{"line":16,"column":12},"end":{"line":16,"column":61}},"type":"binary-expr","locations":[{"start":{"line":16,"column":12},"end":{"line":16,"column":41}},{"start":{"line":16,"column":45},"end":{"line":16,"column":61}}]},"4":{"loc":{"start":{"line":17,"column":12},"end":{"line":17,"column":50}},"type":"binary-expr","locations":[{"start":{"line":17,"column":12},"end":{"line":17,"column":37}},{"start":{"line":17,"column":41},"end":{"line":17,"column":50}}]}},"s":{"0":0,"1":0,"2":0,"3":0,"4":0,"5":0},"f":{},"b":{"0":[0,0],"1":[0,0],"2":[0,0],"3":[0,0],"4":[0,0]}}
,"C:\\Users\\Usuario\\Desktop\\ideahub-mvp-cq5di9x2c\\backend\\src\\config\\database.config.ts": {"path":"C:\\Users\\Usuario\\Desktop\\ideahub-mvp-cq5di9x2c\\backend\\src\\config\\database.config.ts","statementMap":{"0":{"start":{"line":1,"column":0},"end":{"line":1,"column":44}},"1":{"start":{"line":3,"column":0},"end":{"line":9,"column":4}},"2":{"start":{"line":3,"column":45},"end":{"line":9,"column":2}}},"fnMap":{"0":{"name":"(anonymous_0)","decl":{"start":{"line":3,"column":38},"end":{"line":3,"column":41}},"loc":{"start":{"line":3,"column":45},"end":{"line":9,"column":2}}}},"branchMap":{"0":{"loc":{"start":{"line":4,"column":8},"end":{"line":4,"column":48}},"type":"binary-expr","locations":[{"start":{"line":4,"column":8},"end":{"line":4,"column":33}},{"start":{"line":4,"column":37},"end":{"line":4,"column":48}}]},"1":{"loc":{"start":{"line":5,"column":17},"end":{"line":5,"column":52}},"type":"binary-expr","locations":[{"start":{"line":5,"column":17},"end":{"line":5,"column":42}},{"start":{"line":5,"column":46},"end":{"line":5,"column":52}}]},"2":{"loc":{"start":{"line":6,"column":12},"end":{"line":6,"column":50}},"type":"binary-expr","locations":[{"start":{"line":6,"column":12},"end":{"line":6,"column":37}},{"start":{"line":6,"column":41},"end":{"line":6,"column":50}}]},"3":{"loc":{"start":{"line":7,"column":12},"end":{"line":7,"column":61}},"type":"binary-expr","locations":[{"start":{"line":7,"column":12},"end":{"line":7,"column":41}},{"start":{"line":7,"column":45},"end":{"line":7,"column":61}}]},"4":{"loc":{"start":{"line":8,"column":12},"end":{"line":8,"column":50}},"type":"binary-expr","locations":[{"start":{"line":8,"column":12},"end":{"line":8,"column":37}},{"start":{"line":8,"column":41},"end":{"line":8,"column":50}}]}},"s":{"0":0,"1":0,"2":0},"f":{"0":0},"b":{"0":[0,0],"1":[0,0],"2":[0,0],"3":[0,0],"4":[0,0]}}
,"C:\\Users\\Usuario\\Desktop\\ideahub-mvp-cq5di9x2c\\backend\\src\\config\\jwt.config.ts": {"path":"C:\\Users\\Usuario\\Desktop\\ideahub-mvp-cq5di9x2c\\backend\\src\\config\\jwt.config.ts","statementMap":{"0":{"start":{"line":1,"column":0},"end":{"line":1,"column":44}},"1":{"start":{"line":3,"column":0},"end":{"line":6,"column":4}},"2":{"start":{"line":3,"column":40},"end":{"line":6,"column":2}}},"fnMap":{"0":{"name":"(anonymous_0)","decl":{"start":{"line":3,"column":33},"end":{"line":3,"column":36}},"loc":{"start":{"line":3,"column":40},"end":{"line":6,"column":2}}}},"branchMap":{"0":{"loc":{"start":{"line":4,"column":10},"end":{"line":4,"column":59}},"type":"binary-expr","locations":[{"start":{"line":4,"column":10},"end":{"line":4,"column":32}},{"start":{"line":4,"column":36},"end":{"line":4,"column":59}}]},"1":{"loc":{"start":{"line":5,"column":13},"end":{"line":5,"column":47}},"type":"binary-expr","locations":[{"start":{"line":5,"column":13},"end":{"line":5,"column":39}},{"start":{"line":5,"column":43},"end":{"line":5,"column":47}}]}},"s":{"0":0,"1":0,"2":0},"f":{"0":0},"b":{"0":[0,0],"1":[0,0]}}
,"C:\\Users\\Usuario\\Desktop\\ideahub-mvp-cq5di9x2c\\backend\\src\\modules\\auth\\auth.controller.ts": {"path":"C:\\Users\\Usuario\\Desktop\\ideahub-mvp-cq5di9x2c\\backend\\src\\modules\\auth\\auth.controller.ts","statementMap":{"0":{"start":{"line":1,"column":0},"end":{"line":1,"column":null}},"1":{"start":{"line":11,"column":0},"end":{"line":11,"column":null}},"2":{"start":{"line":17,"column":0},"end":{"line":17,"column":45}},"3":{"start":{"line":18,"column":0},"end":{"line":18,"column":45}},"4":{"start":{"line":19,"column":0},"end":{"line":19,"column":43}},"5":{"start":{"line":20,"column":0},"end":{"line":20,"column":49}},"6":{"start":{"line":21,"column":0},"end":{"line":21,"column":58}},"7":{"start":{"line":22,"column":0},"end":{"line":22,"column":null}},"8":{"start":{"line":27,"column":0},"end":{"line":27,"column":66}},"9":{"start":{"line":28,"column":0},"end":{"line":28,"column":77}},"10":{"start":{"line":33,"column":7},"end":{"line":123,"column":null}},"11":{"start":{"line":34,"column":31},"end":{"line":34,"column":44}},"12":{"start":{"line":53,"column":4},"end":{"line":53,"column":50}},"13":{"start":{"line":74,"column":4},"end":{"line":74,"column":44}},"14":{"start":{"line":100,"column":4},"end":{"line":103,"column":6}},"15":{"start":{"line":121,"column":4},"end":{"line":121,"column":43}},"16":{"start":{"line":33,"column":13},"end":{"line":33,"column":27}},"17":{"start":{"line":52,"column":2},"end":{"line":54,"column":null}},"18":{"start":{"line":73,"column":2},"end":{"line":75,"column":null}},"19":{"start":{"line":97,"column":2},"end":{"line":104,"column":null}},"20":{"start":{"line":120,"column":2},"end":{"line":122,"column":null}},"21":{"start":{"line":33,"column":13},"end":{"line":123,"column":null}}},"fnMap":{"0":{"name":"(anonymous_4)","decl":{"start":{"line":34,"column":2},"end":{"line":34,"column":31}},"loc":{"start":{"line":34,"column":55},"end":{"line":34,"column":59}}},"1":{"name":"(anonymous_5)","decl":{"start":{"line":52,"column":2},"end":{"line":52,"column":10}},"loc":{"start":{"line":52,"column":43},"end":{"line":54,"column":3}}},"2":{"name":"(anonymous_6)","decl":{"start":{"line":73,"column":2},"end":{"line":73,"column":7}},"loc":{"start":{"line":73,"column":34},"end":{"line":75,"column":3}}},"3":{"name":"(anonymous_7)","decl":{"start":{"line":97,"column":2},"end":{"line":97,"column":9}},"loc":{"start":{"line":98,"column":44},"end":{"line":104,"column":3}}},"4":{"name":"(anonymous_8)","decl":{"start":{"line":120,"column":2},"end":{"line":120,"column":8}},"loc":{"start":{"line":120,"column":42},"end":{"line":122,"column":3}}}},"branchMap":{"0":{"loc":{"start":{"line":52,"column":32},"end":{"line":52,"column":46}},"type":"cond-expr","locations":[{"start":{"line":52,"column":43},"end":{"line":52,"column":46}},{"start":{"line":52,"column":43},"end":{"line":52,"column":46}}]},"1":{"loc":{"start":{"line":52,"column":32},"end":{"line":52,"column":43}},"type":"binary-expr","locations":[{"start":{"line":52,"column":32},"end":{"line":52,"column":46}},{"start":{"line":52,"column":32},"end":{"line":52,"column":43}}]},"2":{"loc":{"start":{"line":52,"column":46},"end":{"line":52,"column":null}},"type":"cond-expr","locations":[{"start":{"line":52,"column":53},"end":{"line":52,"column":null}},{"start":{"line":52,"column":53},"end":{"line":52,"column":null}}]},"3":{"loc":{"start":{"line":52,"column":46},"end":{"line":52,"column":53}},"type":"binary-expr","locations":[{"start":{"line":52,"column":46},"end":{"line":52,"column":null}},{"start":{"line":52,"column":46},"end":{"line":52,"column":53}}]},"4":{"loc":{"start":{"line":73,"column":26},"end":{"line":73,"column":37}},"type":"cond-expr","locations":[{"start":{"line":73,"column":34},"end":{"line":73,"column":37}},{"start":{"line":73,"column":34},"end":{"line":73,"column":37}}]},"5":{"loc":{"start":{"line":73,"column":26},"end":{"line":73,"column":34}},"type":"binary-expr","locations":[{"start":{"line":73,"column":26},"end":{"line":73,"column":37}},{"start":{"line":73,"column":26},"end":{"line":73,"column":34}}]},"6":{"loc":{"start":{"line":73,"column":37},"end":{"line":73,"column":null}},"type":"cond-expr","locations":[{"start":{"line":73,"column":44},"end":{"line":73,"column":null}},{"start":{"line":73,"column":44},"end":{"line":73,"column":null}}]},"7":{"loc":{"start":{"line":73,"column":37},"end":{"line":73,"column":44}},"type":"binary-expr","locations":[{"start":{"line":73,"column":37},"end":{"line":73,"column":null}},{"start":{"line":73,"column":37},"end":{"line":73,"column":44}}]},"8":{"loc":{"start":{"line":98,"column":29},"end":{"line":98,"column":null}},"type":"cond-expr","locations":[{"start":{"line":98,"column":44},"end":{"line":98,"column":null}},{"start":{"line":98,"column":44},"end":{"line":98,"column":null}}]},"9":{"loc":{"start":{"line":98,"column":29},"end":{"line":98,"column":44}},"type":"binary-expr","locations":[{"start":{"line":98,"column":29},"end":{"line":98,"column":null}},{"start":{"line":98,"column":29},"end":{"line":98,"column":44}}]},"10":{"loc":{"start":{"line":99,"column":5},"end":{"line":99,"column":null}},"type":"cond-expr","locations":[{"start":{"line":99,"column":12},"end":{"line":99,"column":null}},{"start":{"line":99,"column":12},"end":{"line":99,"column":null}}]},"11":{"loc":{"start":{"line":99,"column":5},"end":{"line":99,"column":12}},"type":"binary-expr","locations":[{"start":{"line":99,"column":5},"end":{"line":99,"column":null}},{"start":{"line":99,"column":5},"end":{"line":99,"column":12}}]},"12":{"loc":{"start":{"line":120,"column":45},"end":{"line":120,"column":null}},"type":"cond-expr","locations":[{"start":{"line":120,"column":52},"end":{"line":120,"column":null}},{"start":{"line":120,"column":52},"end":{"line":120,"column":null}}]},"13":{"loc":{"start":{"line":120,"column":45},"end":{"line":120,"column":52}},"type":"binary-expr","locations":[{"start":{"line":120,"column":45},"end":{"line":120,"column":null}},{"start":{"line":120,"column":45},"end":{"line":120,"column":52}}]},"14":{"loc":{"start":{"line":34,"column":44},"end":{"line":34,"column":58}},"type":"cond-expr","locations":[{"start":{"line":34,"column":55},"end":{"line":34,"column":58}},{"start":{"line":34,"column":55},"end":{"line":34,"column":58}}]},"15":{"loc":{"start":{"line":34,"column":44},"end":{"line":34,"column":55}},"type":"binary-expr","locations":[{"start":{"line":34,"column":44},"end":{"line":34,"column":58}},{"start":{"line":34,"column":44},"end":{"line":34,"column":55}}]}},"s":{"0":0,"1":0,"2":0,"3":0,"4":0,"5":0,"6":0,"7":0,"8":0,"9":0,"10":0,"11":0,"12":0,"13":0,"14":0,"15":0,"16":0,"17":0,"18":0,"19":0,"20":0,"21":0},"f":{"0":0,"1":0,"2":0,"3":0,"4":0},"b":{"0":[0,0],"1":[0,0],"2":[0,0],"3":[0,0],"4":[0,0],"5":[0,0],"6":[0,0],"7":[0,0],"8":[0,0],"9":[0,0],"10":[0,0],"11":[0,0],"12":[0,0],"13":[0,0],"14":[0,0],"15":[0,0]}}
,"C:\\Users\\Usuario\\Desktop\\ideahub-mvp-cq5di9x2c\\backend\\src\\modules\\auth\\auth.service.ts": {"path":"C:\\Users\\Usuario\\Desktop\\ideahub-mvp-cq5di9x2c\\backend\\src\\modules\\auth\\auth.service.ts","statementMap":{"0":{"start":{"line":1,"column":0},"end":{"line":1,"column":null}},"1":{"start":{"line":6,"column":0},"end":{"line":6,"column":41}},"2":{"start":{"line":7,"column":0},"end":{"line":7,"column":47}},"3":{"start":{"line":8,"column":0},"end":{"line":8,"column":35}},"4":{"start":{"line":9,"column":0},"end":{"line":9,"column":33}},"5":{"start":{"line":10,"column":0},"end":{"line":10,"column":54}},"6":{"start":{"line":19,"column":0},"end":{"line":19,"column":52}},"7":{"start":{"line":22,"column":32},"end":{"line":22,"column":37}},"8":{"start":{"line":23,"column":37},"end":{"line":23,"column":40}},"9":{"start":{"line":24,"column":28},"end":{"line":24,"column":30}},"10":{"start":{"line":25,"column":27},"end":{"line":25,"column":29}},"11":{"start":{"line":34,"column":7},"end":{"line":256,"column":null}},"12":{"start":{"line":36,"column":12},"end":{"line":36,"column":26}},"13":{"start":{"line":37,"column":12},"end":{"line":37,"column":24}},"14":{"start":{"line":38,"column":12},"end":{"line":38,"column":27}},"15":{"start":{"line":39,"column":12},"end":{"line":39,"column":20}},"16":{"start":{"line":41,"column":4},"end":{"line":41,"column":42}},"17":{"start":{"line":48,"column":4},"end":{"line":51,"column":7}},"18":{"start":{"line":53,"column":4},"end":{"line":71,"column":5}},"19":{"start":{"line":54,"column":19},"end":{"line":54,"column":62}},"20":{"start":{"line":55,"column":23},"end":{"line":55,"column":60}},"21":{"start":{"line":57,"column":6},"end":{"line":61,"column":9}},"22":{"start":{"line":63,"column":6},"end":{"line":63,"column":22}},"23":{"start":{"line":65,"column":6},"end":{"line":69,"column":9}},"24":{"start":{"line":70,"column":6},"end":{"line":70,"column":18}},"25":{"start":{"line":78,"column":4},"end":{"line":81,"column":7}},"26":{"start":{"line":83,"column":17},"end":{"line":83,"column":68}},"27":{"start":{"line":85,"column":4},"end":{"line":92,"column":5}},"28":{"start":{"line":86,"column":6},"end":{"line":90,"column":9}},"29":{"start":{"line":91,"column":6},"end":{"line":91,"column":61}},"30":{"start":{"line":94,"column":28},"end":{"line":96,"column":null}},"31":{"start":{"line":99,"column":4},"end":{"line":107,"column":5}},"32":{"start":{"line":100,"column":6},"end":{"line":105,"column":9}},"33":{"start":{"line":106,"column":6},"end":{"line":106,"column":61}},"34":{"start":{"line":109,"column":21},"end":{"line":109,"column":58}},"35":{"start":{"line":111,"column":4},"end":{"line":115,"column":7}},"36":{"start":{"line":117,"column":4},"end":{"line":117,"column":20}},"37":{"start":{"line":128,"column":4},"end":{"line":131,"column":7}},"38":{"start":{"line":134,"column":17},"end":{"line":134,"column":72}},"39":{"start":{"line":136,"column":4},"end":{"line":143,"column":5}},"40":{"start":{"line":137,"column":6},"end":{"line":141,"column":9}},"41":{"start":{"line":142,"column":6},"end":{"line":142,"column":76}},"42":{"start":{"line":146,"column":32},"end":{"line":148,"column":null}},"43":{"start":{"line":151,"column":4},"end":{"line":162,"column":5}},"44":{"start":{"line":153,"column":6},"end":{"line":158,"column":9}},"45":{"start":{"line":160,"column":6},"end":{"line":160,"column":63}},"46":{"start":{"line":161,"column":6},"end":{"line":161,"column":86}},"47":{"start":{"line":165,"column":19},"end":{"line":165,"column":50}},"48":{"start":{"line":168,"column":31},"end":{"line":170,"column":null}},"49":{"start":{"line":172,"column":4},"end":{"line":172,"column":75}},"50":{"start":{"line":174,"column":4},"end":{"line":177,"column":7}},"51":{"start":{"line":179,"column":4},"end":{"line":183,"column":6}},"52":{"start":{"line":190,"column":4},"end":{"line":193,"column":7}},"53":{"start":{"line":195,"column":4},"end":{"line":195,"column":61}},"54":{"start":{"line":197,"column":4},"end":{"line":200,"column":7}},"55":{"start":{"line":202,"column":4},"end":{"line":202,"column":50}},"56":{"start":{"line":209,"column":19},"end":{"line":209,"column":50}},"57":{"start":{"line":212,"column":31},"end":{"line":214,"column":null}},"58":{"start":{"line":216,"column":4},"end":{"line":216,"column":76}},"59":{"start":{"line":218,"column":4},"end":{"line":221,"column":7}},"60":{"start":{"line":223,"column":4},"end":{"line":233,"column":6}},"61":{"start":{"line":242,"column":20},"end":{"line":242,"column":55}},"62":{"start":{"line":245,"column":24},"end":{"line":247,"column":6}},"63":{"start":{"line":250,"column":25},"end":{"line":252,"column":22}},"64":{"start":{"line":254,"column":4},"end":{"line":254,"column":41}},"65":{"start":{"line":34,"column":13},"end":{"line":34,"column":24}},"66":{"start":{"line":34,"column":13},"end":{"line":256,"column":null}}},"fnMap":{"0":{"name":"(anonymous_11)","decl":{"start":{"line":35,"column":2},"end":{"line":35,"column":null}},"loc":{"start":{"line":39,"column":33},"end":{"line":42,"column":3}}},"1":{"name":"(anonymous_12)","decl":{"start":{"line":47,"column":2},"end":{"line":47,"column":7}},"loc":{"start":{"line":47,"column":41},"end":{"line":72,"column":3}}},"2":{"name":"(anonymous_13)","decl":{"start":{"line":77,"column":2},"end":{"line":77,"column":7}},"loc":{"start":{"line":77,"column":32},"end":{"line":118,"column":3}}},"3":{"name":"(anonymous_14)","decl":{"start":{"line":124,"column":2},"end":{"line":124,"column":7}},"loc":{"start":{"line":126,"column":24},"end":{"line":184,"column":3}}},"4":{"name":"(anonymous_15)","decl":{"start":{"line":189,"column":2},"end":{"line":189,"column":7}},"loc":{"start":{"line":189,"column":29},"end":{"line":203,"column":3}}},"5":{"name":"(anonymous_16)","decl":{"start":{"line":208,"column":10},"end":{"line":208,"column":15}},"loc":{"start":{"line":208,"column":47},"end":{"line":234,"column":3}}},"6":{"name":"(anonymous_17)","decl":{"start":{"line":239,"column":10},"end":{"line":239,"column":15}},"loc":{"start":{"line":240,"column":14},"end":{"line":255,"column":3}}}},"branchMap":{"0":{"loc":{"start":{"line":68,"column":16},"end":{"line":68,"column":72}},"type":"cond-expr","locations":[{"start":{"line":68,"column":41},"end":{"line":68,"column":54}},{"start":{"line":68,"column":57},"end":{"line":68,"column":72}}]},"1":{"loc":{"start":{"line":85,"column":4},"end":{"line":92,"column":5}},"type":"if","locations":[{"start":{"line":85,"column":4},"end":{"line":92,"column":5}},{"start":{},"end":{}}]},"2":{"loc":{"start":{"line":99,"column":4},"end":{"line":107,"column":5}},"type":"if","locations":[{"start":{"line":99,"column":4},"end":{"line":107,"column":5}},{"start":{},"end":{}}]},"3":{"loc":{"start":{"line":136,"column":4},"end":{"line":143,"column":5}},"type":"if","locations":[{"start":{"line":136,"column":4},"end":{"line":143,"column":5}},{"start":{},"end":{}}]},"4":{"loc":{"start":{"line":136,"column":8},"end":{"line":136,"column":35}},"type":"binary-expr","locations":[{"start":{"line":136,"column":8},"end":{"line":136,"column":13}},{"start":{"line":136,"column":17},"end":{"line":136,"column":35}}]},"5":{"loc":{"start":{"line":151,"column":4},"end":{"line":162,"column":5}},"type":"if","locations":[{"start":{"line":151,"column":4},"end":{"line":162,"column":5}},{"start":{},"end":{}}]},"6":{"loc":{"start":{"line":36,"column":26},"end":{"line":36,"column":null}},"type":"cond-expr","locations":[{"start":{"line":36,"column":38},"end":{"line":36,"column":null}},{"start":{"line":36,"column":38},"end":{"line":36,"column":null}}]},"7":{"loc":{"start":{"line":36,"column":26},"end":{"line":36,"column":38}},"type":"binary-expr","locations":[{"start":{"line":36,"column":26},"end":{"line":36,"column":null}},{"start":{"line":36,"column":26},"end":{"line":36,"column":38}}]},"8":{"loc":{"start":{"line":36,"column":38},"end":{"line":37,"column":null}},"type":"cond-expr","locations":[{"start":{"line":37,"column":34},"end":{"line":37,"column":null}},{"start":{"line":37,"column":34},"end":{"line":37,"column":null}}]},"9":{"loc":{"start":{"line":36,"column":38},"end":{"line":37,"column":34}},"type":"binary-expr","locations":[{"start":{"line":36,"column":38},"end":{"line":37,"column":null}},{"start":{"line":37,"column":24},"end":{"line":37,"column":34}}]},"10":{"loc":{"start":{"line":37,"column":34},"end":{"line":38,"column":null}},"type":"cond-expr","locations":[{"start":{"line":38,"column":40},"end":{"line":38,"column":null}},{"start":{"line":38,"column":40},"end":{"line":38,"column":null}}]},"11":{"loc":{"start":{"line":37,"column":34},"end":{"line":38,"column":40}},"type":"binary-expr","locations":[{"start":{"line":37,"column":34},"end":{"line":38,"column":null}},{"start":{"line":38,"column":27},"end":{"line":38,"column":40}}]},"12":{"loc":{"start":{"line":38,"column":40},"end":{"line":39,"column":null}},"type":"cond-expr","locations":[{"start":{"line":39,"column":33},"end":{"line":39,"column":null}},{"start":{"line":39,"column":33},"end":{"line":39,"column":null}}]},"13":{"loc":{"start":{"line":38,"column":40},"end":{"line":39,"column":33}},"type":"binary-expr","locations":[{"start":{"line":38,"column":40},"end":{"line":39,"column":null}},{"start":{"line":39,"column":20},"end":{"line":39,"column":33}}]}},"s":{"0":0,"1":0,"2":0,"3":0,"4":0,"5":0,"6":0,"7":0,"8":0,"9":0,"10":0,"11":0,"12":0,"13":0,"14":0,"15":0,"16":0,"17":0,"18":0,"19":0,"20":0,"21":0,"22":0,"23":0,"24":0,"25":0,"26":0,"27":0,"28":0,"29":0,"30":0,"31":0,"32":0,"33":0,"34":0,"35":0,"36":0,"37":0,"38":0,"39":0,"40":0,"41":0,"42":0,"43":0,"44":0,"45":0,"46":0,"47":0,"48":0,"49":0,"50":0,"51":0,"52":0,"53":0,"54":0,"55":0,"56":0,"57":0,"58":0,"59":0,"60":0,"61":0,"62":0,"63":0,"64":0,"65":0,"66":0},"f":{"0":0,"1":0,"2":0,"3":0,"4":0,"5":0,"6":0},"b":{"0":[0,0],"1":[0,0],"2":[0,0],"3":[0,0],"4":[0,0],"5":[0,0],"6":[0,0],"7":[0,0],"8":[0,0],"9":[0,0],"10":[0,0],"11":[0,0],"12":[0,0],"13":[0,0]}}
,"C:\\Users\\Usuario\\Desktop\\ideahub-mvp-cq5di9x2c\\backend\\src\\modules\\auth\\strategies\\jwt.strategy.ts": {"path":"C:\\Users\\Usuario\\Desktop\\ideahub-mvp-cq5di9x2c\\backend\\src\\modules\\auth\\strategies\\jwt.strategy.ts","statementMap":{"0":{"start":{"line":1,"column":0},"end":{"line":1,"column":67}},"1":{"start":{"line":2,"column":0},"end":{"line":2,"column":52}},"2":{"start":{"line":3,"column":0},"end":{"line":3,"column":52}},"3":{"start":{"line":4,"column":0},"end":{"line":4,"column":47}},"4":{"start":{"line":5,"column":0},"end":{"line":5,"column":57}},"5":{"start":{"line":8,"column":7},"end":{"line":27,"column":null}},"6":{"start":{"line":13,"column":4},"end":{"line":17,"column":7}},"7":{"start":{"line":10,"column":12},"end":{"line":10,"column":27}},"8":{"start":{"line":11,"column":12},"end":{"line":11,"column":26}},"9":{"start":{"line":21,"column":17},"end":{"line":21,"column":61}},"10":{"start":{"line":22,"column":4},"end":{"line":24,"column":5}},"11":{"start":{"line":23,"column":6},"end":{"line":23,"column":40}},"12":{"start":{"line":25,"column":4},"end":{"line":25,"column":16}},"13":{"start":{"line":8,"column":13},"end":{"line":8,"column":24}},"14":{"start":{"line":8,"column":13},"end":{"line":27,"column":null}}},"fnMap":{"0":{"name":"(anonymous_2)","decl":{"start":{"line":9,"column":2},"end":{"line":9,"column":null}},"loc":{"start":{"line":11,"column":38},"end":{"line":18,"column":3}}},"1":{"name":"(anonymous_3)","decl":{"start":{"line":20,"column":2},"end":{"line":20,"column":7}},"loc":{"start":{"line":20,"column":56},"end":{"line":26,"column":3}}}},"branchMap":{"0":{"loc":{"start":{"line":16,"column":19},"end":{"line":16,"column":78}},"type":"binary-expr","locations":[{"start":{"line":16,"column":19},"end":{"line":16,"column":58}},{"start":{"line":16,"column":62},"end":{"line":16,"column":78}}]},"1":{"loc":{"start":{"line":22,"column":4},"end":{"line":24,"column":5}},"type":"if","locations":[{"start":{"line":22,"column":4},"end":{"line":24,"column":5}},{"start":{},"end":{}}]},"2":{"loc":{"start":{"line":10,"column":27},"end":{"line":10,"column":null}},"type":"cond-expr","locations":[{"start":{"line":10,"column":40},"end":{"line":10,"column":null}},{"start":{"line":10,"column":40},"end":{"line":10,"column":null}}]},"3":{"loc":{"start":{"line":10,"column":27},"end":{"line":10,"column":40}},"type":"binary-expr","locations":[{"start":{"line":10,"column":27},"end":{"line":10,"column":null}},{"start":{"line":10,"column":27},"end":{"line":10,"column":40}}]},"4":{"loc":{"start":{"line":10,"column":40},"end":{"line":11,"column":null}},"type":"cond-expr","locations":[{"start":{"line":11,"column":38},"end":{"line":11,"column":null}},{"start":{"line":11,"column":38},"end":{"line":11,"column":null}}]},"5":{"loc":{"start":{"line":10,"column":40},"end":{"line":11,"column":38}},"type":"binary-expr","locations":[{"start":{"line":10,"column":40},"end":{"line":11,"column":null}},{"start":{"line":11,"column":26},"end":{"line":11,"column":38}}]}},"s":{"0":0,"1":0,"2":0,"3":0,"4":0,"5":0,"6":0,"7":0,"8":0,"9":0,"10":0,"11":0,"12":0,"13":0,"14":0},"f":{"0":0,"1":0},"b":{"0":[0,0],"1":[0,0],"2":[0,0],"3":[0,0],"4":[0,0],"5":[0,0]}}
,"C:\\Users\\Usuario\\Desktop\\ideahub-mvp-cq5di9x2c\\backend\\src\\modules\\documents\\documents.controller.ts": {"path":"C:\\Users\\Usuario\\Desktop\\ideahub-mvp-cq5di9x2c\\backend\\src\\modules\\documents\\documents.controller.ts","statementMap":{"0":{"start":{"line":1,"column":0},"end":{"line":1,"column":null}},"1":{"start":{"line":16,"column":0},"end":{"line":16,"column":94}},"2":{"start":{"line":17,"column":0},"end":{"line":17,"column":55}},"3":{"start":{"line":18,"column":0},"end":{"line":18,"column":61}},"4":{"start":{"line":19,"column":0},"end":{"line":19,"column":62}},"5":{"start":{"line":20,"column":0},"end":{"line":20,"column":62}},"6":{"start":{"line":21,"column":0},"end":{"line":21,"column":66}},"7":{"start":{"line":22,"column":0},"end":{"line":22,"column":77}},"8":{"start":{"line":23,"column":0},"end":{"line":23,"column":54}},"9":{"start":{"line":30,"column":7},"end":{"line":115,"column":null}},"10":{"start":{"line":31,"column":31},"end":{"line":31,"column":49}},"11":{"start":{"line":39,"column":4},"end":{"line":39,"column":67}},"12":{"start":{"line":50,"column":4},"end":{"line":50,"column":66}},"13":{"start":{"line":61,"column":4},"end":{"line":61,"column":70}},"14":{"start":{"line":70,"column":4},"end":{"line":70,"column":53}},"15":{"start":{"line":80,"column":4},"end":{"line":80,"column":71}},"16":{"start":{"line":92,"column":4},"end":{"line":92,"column":53}},"17":{"start":{"line":103,"column":4},"end":{"line":103,"column":52}},"18":{"start":{"line":113,"column":4},"end":{"line":113,"column":71}},"19":{"start":{"line":30,"column":13},"end":{"line":30,"column":32}},"20":{"start":{"line":35,"column":2},"end":{"line":40,"column":null}},"21":{"start":{"line":46,"column":2},"end":{"line":51,"column":null}},"22":{"start":{"line":57,"column":2},"end":{"line":62,"column":null}},"23":{"start":{"line":66,"column":2},"end":{"line":71,"column":null}},"24":{"start":{"line":75,"column":2},"end":{"line":81,"column":null}},"25":{"start":{"line":88,"column":2},"end":{"line":93,"column":null}},"26":{"start":{"line":99,"column":2},"end":{"line":104,"column":null}},"27":{"start":{"line":108,"c
[...]
,"column":null}},"type":"cond-expr","locations":[{"start":{"line":37,"column":44},"end":{"line":37,"column":null}},{"start":{"line":37,"column":44},"end":{"line":37,"column":null}}]},"1":{"loc":{"start":{"line":37,"column":29},"end":{"line":37,"column":44}},"type":"binary-expr","locations":[{"start":{"line":37,"column":29},"end":{"line":37,"column":null}},{"start":{"line":37,"column":29},"end":{"line":37,"column":44}}]},"2":{"loc":{"start":{"line":48,"column":30},"end":{"line":48,"column":null}},"type":"cond-expr","locations":[{"start":{"line":48,"column":48},"end":{"line":48,"column":null}},{"start":{"line":48,"column":48},"end":{"line":48,"column":null}}]},"3":{"loc":{"start":{"line":48,"column":30},"end":{"line":48,"column":48}},"type":"binary-expr","locations":[{"start":{"line":48,"column":30},"end":{"line":48,"column":null}},{"start":{"line":48,"column":30},"end":{"line":48,"column":48}}]},"4":{"loc":{"start":{"line":59,"column":30},"end":{"line":59,"column":null}},"type":"cond-expr","locations":[{"start":{"line":59,"column":48},"end":{"line":59,"column":null}},{"start":{"line":59,"column":48},"end":{"line":59,"column":null}}]},"5":{"loc":{"start":{"line":59,"column":30},"end":{"line":59,"column":48}},"type":"binary-expr","locations":[{"start":{"line":59,"column":30},"end":{"line":59,"column":null}},{"start":{"line":59,"column":30},"end":{"line":59,"column":48}}]},"6":{"loc":{"start":{"line":78,"column":29},"end":{"line":78,"column":null}},"type":"cond-expr","locations":[{"start":{"line":78,"column":44},"end":{"line":78,"column":null}},{"start":{"line":78,"column":44},"end":{"line":78,"column":null}}]},"7":{"loc":{"start":{"line":78,"column":29},"end":{"line":78,"column":44}},"type":"binary-expr","locations":[{"start":{"line":78,"column":29},"end":{"line":78,"column":null}},{"start":{"line":78,"column":29},"end":{"line":78,"column":44}}]},"8":{"loc":{"start":{"line":31,"column":47},"end":{"line":31,"column":64}},"type":"cond-expr","locations":[{"start":{"line":31,"column":61},"end":{"line":31,"column":64}},{"start":{"line":31,"column":61},"end":{"line":31,"column":64}}]},"9":{"loc":{"start":{"line":31,"column":47},"end":{"line":31,"column":61}},"type":"binary-expr","locations":[{"start":{"line":31,"column":47},"end":{"line":31,"column":64}},{"start":{"line":31,"column":47},"end":{"line":31,"column":61}}]}},"s":{"0":0,"1":0,"2":0,"3":0,"4":0,"5":0,"6":0,"7":0,"8":0,"9":0,"10":0,"11":0,"12":0,"13":0,"14":0,"15":0,"16":0,"17":0,"18":0,"19":0,"20":0,"21":0,"22":0,"23":0,"24":0,"25":0,"26":0,"27":0,"28":0,"29":0,"30":0},"f":{"0":0,"1":0,"2":0,"3":0,"4":0,"5":0,"6":0,"7":0,"8":0,"9":0},"b":{"0":[0,0],"1":[0,0],"2":[0,0],"3":[0,0],"4":[0,0],"5":[0,0],"6":[0,0],"7":[0,0],"8":[0,0],"9":[0,0]}}
,"C:\\Users\\Usuario\\Desktop\\ideahub-mvp-cq5di9x2c\\backend\\src\\modules\\prompts\\prompts.service.ts": {"path":"C:\\Users\\Usuario\\Desktop\\ideahub-mvp-cq5di9x2c\\backend\\src\\modules\\prompts\\prompts.service.ts","statementMap":{"0":{"start":{"line":1,"column":0},"end":{"line":1,"column":63}},"1":{"start":{"line":2,"column":0},"end":{"line":2,"column":51}},"2":{"start":{"line":3,"column":0},"end":{"line":3,"column":37}},"3":{"start":{"line":4,"column":0},"end":{"line":4,"column":50}},"4":{"start":{"line":8,"column":0},"end":{"line":8,"column":null}},"5":{"start":{"line":14,"column":7},"end":{"line":140,"column":null}},"6":{"start":{"line":17,"column":12},"end":{"line":17,"column":31}},"7":{"start":{"line":21,"column":19},"end":{"line":24,"column":6}},"8":{"start":{"line":26,"column":4},"end":{"line":26,"column":47}},"9":{"start":{"line":33,"column":37},"end":{"line":33,"column":52}},"10":{"start":{"line":34,"column":17},"end":{"line":34,"column":35}},"11":{"start":{"line":37,"column":26},"end":{"line":42,"column":6}},"12":{"start":{"line":44,"column":4},"end":{"line":44,"column":61}},"13":{"start":{"line":49,"column":19},"end":{"line":51,"column":6}},"14":{"start":{"line":53,"column":4},"end":{"line":55,"column":5}},"15":{"start":{"line":54,"column":6},"end":{"line":54,"column":54}},"16":{"start":{"line":57,"column":4},"end":{"line":57,"column":18}},"17":{"start":{"line":65,"column":19},"end":{"line":65,"column":49}},"18":{"start":{"line":66,"column":4},"end":{"line":66,"column":43}},"19":{"start":{"line":67,"column":4},"end":{"line":67,"column":47}},"20":{"start":{"line":75,"column":19},"end":{"line":75,"column":49}},"21":{"start":{"line":77,"column":4},"end":{"line":77,"column":52}},"22":{"start":{"line":86,"column":19},"end":{"line":89,"column":6}},"23":{"start":{"line":91,"column":4},"end":{"line":93,"column":5}},"24":{"start":{"line":92,"column":6},"end":{"line":92,"column":54}},"25":{"start":{"line":95,"column":4},"end":{"line":97,"column":5}},"26":{"start":{"line":96,"column":6},"end":{"line":96,"column":59}},"27":{"start":{"line":100,"column":4},"end":{"line":100,"column":45}},"28":{"start":{"line":103,"column":4},"end":{"line":103,"column":36}},"29":{"start":{"line":113,"column":37},"end":{"line":113,"column":52}},"30":{"start":{"line":114,"column":17},"end":{"line":114,"column":35}},"31":{"start":{"line":116,"column":26},"end":{"line":124,"column":24}},"32":{"start":{"line":126,"column":4},"end":{"line":126,"column":61}},"33":{"start":{"line":130,"column":19},"end":{"line":130,"column":49}},"34":{"start":{"line":131,"column":4},"end":{"line":131,"column":27}},"35":{"start":{"line":132,"column":4},"end":{"line":132,"column":47}},"36":{"start":{"line":136,"column":19},"end":{"line":136,"column":49}},"37":{"start":{"line":137,"column":4},"end":{"line":137,"column":43}},"38":{"start":{"line":138,"column":4},"end":{"line":138,"column":47}},"39":{"start":{"line":14,"column":13},"end":{"line":14,"column":27}},"40":{"start":{"line":14,"column":13},"end":{"line":140,"column":null}}},"fnMap":{"0":{"name":"(anonymous_4)","decl":{"start":{"line":15,"column":2},"end":{"line":15,"column":null}},"loc":{"start":{"line":17,"column":49},"end":{"line":18,"column":6}}},"1":{"name":"(anonymous_5)","decl":{"start":{"line":20,"column":2},"end":{"line":20,"column":7}},"loc":{"start":{"line":20,"column":63},"end":{"line":27,"column":3}}},"2":{"name":"(anonymous_6)","decl":{"start":{"line":29,"column":2},"end":{"line":29,"column":7}},"loc":{"start":{"line":31,"column":39},"end":{"line":45,"column":3}}},"3":{"name":"(anonymous_7)","decl":{"start":{"line":47,"column":2},"end":{"line":47,"column":7}},"loc":{"start":{"line":47,"column":42},"end":{"line":58,"column":3}}},"4":{"name":"(anonymous_8)","decl":{"start":{"line":60,"column":2},"end":{"line":60,"column":7}},"loc":{"start":{"line":63,"column":36},"end":{"line":68,"column":3}}},"5":{"name":"(anonymous_9)","decl":{"start":{"line":74,"column":2},"end":{"line":74,"column":7}},"loc":{"start":{"line":74,"column":41},"end":{"line":78,"column":3}}},"6":{"name":"(anonymous_10)","decl":{"start":{"line":84,"column":2},"end":{"line":84,"column":7}},"loc":{"start":{"line":84,"column":42},"end":{"line":104,"column":3}}},"7":{"name":"(anonymous_11)","decl":{"start":{"line":109,"column":2},"end":{"line":109,"column":7}},"loc":{"start":{"line":111,"column":39},"end":{"line":127,"column":3}}},"8":{"name":"(anonymous_12)","decl":{"start":{"line":129,"column":2},"end":{"line":129,"column":7}},"loc":{"start":{"line":129,"column":54},"end":{"line":133,"column":3}}},"9":{"name":"(anonymous_13)","decl":{"start":{"line":135,"column":2},"end":{"line":135,"column":7}},"loc":{"start":{"line":135,"column":49},"end":{"line":139,"column":3}}}},"branchMap":{"0":{"loc":{"start":{"line":33,"column":12},"end":{"line":33,"column":20}},"type":"default-arg","locations":[{"start":{"line":33,"column":19},"end":{"line":33,"column":20}}]},"1":{"loc":{"start":{"line":33,"column":22},"end":{"line":33,"column":32}},"type":"default-arg","locations":[{"start":{"line":33,"column":30},"end":{"line":33,"column":32}}]},"2":{"loc":{"start":{"line":53,"column":4},"end":{"line":55,"column":5}},"type":"if","locations":[{"start":{"line":53,"column":4},"end":{"line":55,"column":5}},{"start":{},"end":{}}]},"3":{"loc":{"start":{"line":91,"column":4},"end":{"line":93,"column":5}},"type":"if","locations":[{"start":{"line":91,"column":4},"end":{"line":93,"column":5}},{"start":{},"end":{}}]},"4":{"loc":{"start":{"line":95,"column":4},"end":{"line":97,"column":5}},"type":"if","locations":[{"start":{"line":95,"column":4},"end":{"line":97,"column":5}},{"start":{},"end":{}}]},"5":{"loc":{"start":{"line":113,"column":12},"end":{"line":113,"column":20}},"type":"default-arg","locations":[{"start":{"line":113,"column":19},"end":{"line":113,"column":20}}]},"6":{"loc":{"start":{"line":113,"column":22},"end":{"line":113,"column":32}},"type":"default-arg","locations":[{"start":{"line":113,"column":30},"end":{"line":113,"column":32}}]},"7":{"loc":{"start":{"line":17,"column":31},"end":{"line":17,"column":49}},"type":"cond-expr","locations":[{"start":{"line":17,"column":41},"end":{"line":17,"column":49}},{"start":{"line":17,"column":41},"end":{"line":17,"column":49}}]},"8":{"loc":{"start":{"line":17,"column":31},"end":{"line":17,"column":41}},"type":"binary-expr","locations":[{"start":{"line":17,"column":31},"end":{"line":17,"column":49}},{"start":{"line":17,"column":31},"end":{"line":17,"column":41}}]}},"s":{"0":0,"1":0,"2":0,"3":0,"4":0,"5":0,"6":0,"7":0,"8":0,"9":0,"10":0,"11":0,"12":0,"13":0,"14":0,"15":0,"16":0,"17":0,"18":0,"19":0,"20":0,"21":0,"22":0,"23":0,"24":0,"25":0,"26":0,"27":0,"28":0,"29":0,"30":0,"31":0,"32":0,"33":0,"34":0,"35":0,"36":0,"37":0,"38":0,"39":0,"40":0},"f":{"0":0,"1":0,"2":0,"3":0,"4":0,"5":0,"6":0,"7":0,"8":0,"9":0},"b":{"0":[0],"1":[0],"2":[0,0],"3":[0,0],"4":[0,0],"5":[0],"6":[0],"7":[0,0],"8":[0,0]}}
,"C:\\Users\\Usuario\\Desktop\\ideahub-mvp-cq5di9x2c\\backend\\src\\modules\\users\\users.controller.ts": {"path":"C:\\Users\\Usuario\\Desktop\\ideahub-mvp-cq5di9x2c\\backend\\src\\modules\\users\\users.controller.ts","statementMap":{"0":{"start":{"line":1,"column":0},"end":{"line":1,"column":null}},"1":{"start":{"line":10,"column":0},"end":{"line":10,"column":71}},"2":{"start":{"line":11,"column":0},"end":{"line":11,"column":47}},"3":{"start":{"line":12,"column":0},"end":{"line":12,"column":54}},"4":{"start":{"line":13,"column":0},"end":{"line":13,"column":66}},"5":{"start":{"line":14,"column":0},"end":{"line":14,"column":77}},"6":{"start":{"line":15,"column":0},"end":{"line":15,"column":46}},"7":{"start":{"line":22,"column":7},"end":{"line":39,"column":null}},"8":{"start":{"line":23,"column":31},"end":{"line":23,"column":45}},"9":{"start":{"line":28,"column":4},"end":{"line":28,"column":16}},"10":{"start":{"line":37,"column":4},"end":{"line":37,"column":60}},"11":{"start":{"line":22,"column":13},"end":{"line":22,"column":28}},"12":{"start":{"line":27,"column":2},"end":{"line":29,"column":null}},"13":{"start":{"line":33,"column":2},"end":{"line":38,"column":null}},"14":{"start":{"line":22,"column":13},"end":{"line":39,"column":null}}},"fnMap":{"0":{"name":"(anonymous_4)","decl":{"start":{"line":23,"column":2},"end":{"line":23,"column":31}},"loc":{"start":{"line":23,"column":57},"end":{"line":23,"column":61}}},"1":{"name":"(anonymous_5)","decl":{"start":{"line":27,"column":2},"end":{"line":27,"column":12}},"loc":{"start":{"line":27,"column":38},"end":{"line":29,"column":3}}},"2":{"name":"(anonymous_6)","decl":{"start":{"line":33,"column":2},"end":{"line":33,"column":15}},"loc":{"start":{"line":35,"column":40},"end":{"line":38,"column":3}}}},"branchMap":{"0":{"loc":{"start":{"line":27,"column":34},"end":{"line":27,"column":41}},"type":"cond-expr","locations":[{"start":{"line":27,"column":38},"end":{"line":27,"column":41}},{"start":{"line":27,"column":38},"end":{"line":27,"column":41}}]},"1":{"loc":{"start":{"line":27,"column":34},"end":{"line":27,"column":38}},"type":"binary-expr","locations":[{"start":{"line":27,"column":34},"end":{"line":27,"column":41}},{"start":{"line":27,"column":34},"end":{"line":27,"column":38}}]},"2":{"loc":{"start":{"line":27,"column":41},"end":{"line":27,"column":null}},"type":"cond-expr","locations":[{"start":{"line":27,"column":45},"end":{"line":27,"column":null}},{"start":{"line":27,"column":45},"end":{"line":27,"column":null}}]},"3":{"loc":{"start":{"line":27,"column":41},"end":{"line":27,"column":45}},"type":"binary-expr","locations":[{"start":{"line":27,"column":41},"end":{"line":27,"column":null}},{"start":{"line":27,"column":41},"end":{"line":27,"column":45}}]},"4":{"loc":{"start":{"line":34,"column":25},"end":{"line":34,"column":null}},"type":"cond-expr","locations":[{"start":{"line":34,"column":29},"end":{"line":34,"column":null}},{"start":{"line":34,"column":29},"end":{"line":34,"column":null}}]},"5":{"loc":{"start":{"line":34,"column":25},"end":{"line":34,"column":29}},"type":"binary-expr","locations":[{"start":{"line":34,"column":25},"end":{"line":34,"column":null}},{"start":{"line":34,"column":25},"end":{"line":34,"column":29}}]},"6":{"loc":{"start":{"line":34,"column":29},"end":{"line":35,"column":null}},"type":"cond-expr","locations":[{"start":{"line":35,"column":40},"end":{"line":35,"column":null}},{"start":{"line":35,"column":40},"end":{"line":35,"column":null}}]},"7":{"loc":{"start":{"line":34,"column":29},"end":{"line":35,"column":40}},"type":"binary-expr","locations":[{"start":{"line":34,"column":29},"end":{"line":35,"column":null}},{"start":{"line":35,"column":27},"end":{"line":35,"column":40}}]},"8":{"loc":{"start":{"line":36,"column":5},"end":{"line":36,"column":null}},"type":"cond-expr","locations":[{"start":{"line":36,"column":12},"end":{"line":36,"column":null}},{"start":{"line":36,"column":12},"end":{"line":36,"column":null}}]},"9":{"loc":{"start":{"line":36,"column":5},"end":{"line":36,"column":12}},"type":"binary-expr","locations":[{"start":{"line":36,"column":5},"end":{"line":36,"column":null}},{"start":{"line":36,"column":5},"end":{"line":36,"column":12}}]},"10":{"loc":{"start":{"line":23,"column":45},"end":{"line":23,"column":60}},"type":"cond-expr","locations":[{"start":{"line":23,"column":57},"end":{"line":23,"column":60}},{"start":{"line":23,"column":57},"end":{"line":23,"column":60}}]},"11":{"loc":{"start":{"line":23,"column":45},"end":{"line":23,"column":57}},"type":"binary-expr","locations":[{"start":{"line":23,"column":45},"end":{"line":23,"column":60}},{"start":{"line":23,"column":45},"end":{"line":23,"column":57}}]}},"s":{"0":0,"1":0,"2":0,"3":0,"4":0,"5":0,"6":0,"7":0,"8":0,"9":0,"10":0,"11":0,"12":0,"13":0,"14":0},"f":{"0":0,"1":0,"2":0},"b":{"0":[0,0],"1":[0,0],"2":[0,0],"3":[0,0],"4":[0,0],"5":[0,0],"6":[0,0],"7":[0,0],"8":[0,0],"9":[0,0],"10":[0,0],"11":[0,0]}}
,"C:\\Users\\Usuario\\Desktop\\ideahub-mvp-cq5di9x2c\\backend\\src\\modules\\users\\users.service.ts": {"path":"C:\\Users\\Usuario\\Desktop\\ideahub-mvp-cq5di9x2c\\backend\\src\\modules\\users\\users.service.ts","statementMap":{"0":{"start":{"line":1,"column":0},"end":{"line":1,"column":null}},"1":{"start":{"line":6,"column":0},"end":{"line":6,"column":51}},"2":{"start":{"line":7,"column":0},"end":{"line":7,"column":37}},"3":{"start":{"line":8,"column":0},"end":{"line":8,"column":35}},"4":{"start":{"line":9,"column":0},"end":{"line":9,"column":46}},"5":{"start":{"line":14,"column":7},"end":{"line":101,"column":null}},"6":{"start":{"line":17,"column":12},"end":{"line":17,"column":29}},"7":{"start":{"line":21,"column":25},"end":{"line":23,"column":6}},"8":{"start":{"line":25,"column":4},"end":{"line":27,"column":5}},"9":{"start":{"line":26,"column":6},"end":{"line":26,"column":58}},"10":{"start":{"line":29,"column":27},"end":{"line":29,"column":72}},"11":{"start":{"line":31,"column":17},"end":{"line":34,"column":6}},"12":{"start":{"line":36,"column":4},"end":{"line":36,"column":43}},"13":{"start":{"line":40,"column":4},"end":{"line":40,"column":39}},"14":{"start":{"line":44,"column":17},"end":{"line":44,"column":70}},"15":{"start":{"line":45,"column":4},"end":{"line":47,"column":5}},"16":{"start":{"line":46,"column":6},"end":{"line":46,"column":52}},"17":{"start":{"line":48,"column":4},"end":{"line":48,"column":16}},"18":{"start":{"line":52,"column":4},"end":{"line":52,"column":62}},"19":{"start":{"line":56,"column":17},"end":{"line":56,"column":39}},"20":{"start":{"line":58,"column":4},"end":{"line":60,"column":5}},"21":{"start":{"line":59,"column":6},"end":{"line":59,"column":77}},"22":{"start":{"line":62,"column":4},"end":{"line":62,"column":39}},"23":{"start":{"line":63,"column":4},"end":{"line":63,"column":43}},"24":{"start":{"line":67,"column":17},"end":{"line":67,"column":39}},"25":{"start":{"line":68,"column":4},"end":{"line":68,"column":44}},"26":{"start":{"line":72,"column":4},"end":{"line":72,"column":51}},"27":{"start":{"line":84,"column":4},"end":{"line":86,"column":7}},"28":{"start":{"line":95,"column":4},"end":{"line":99,"column":16}},"29":{"start":{"line":14,"column":13},"end":{"line":14,"column":25}},"30":{"start":{"line":14,"column":13},"end":{"line":101,"column":null}}},"fnMap":{"0":{"name":"(anonymous_13)","decl":{"start":{"line":15,"column":2},"end":{"line":15,"column":null}},"loc":{"start":{"line":17,"column":45},"end":{"line":18,"column":6}}},"1":{"name":"(anonymous_14)","decl":{"start":{"line":20,"column":2},"end":{"line":20,"column":7}},"loc":{"start":{"line":20,"column":43},"end":{"line":37,"column":3}}},"2":{"name":"(anonymous_15)","decl":{"start":{"line":39,"column":2},"end":{"line":39,"column":7}},"loc":{"start":{"line":39,"column":15},"end":{"line":41,"column":3}}},"3":{"name":"(anonymous_16)","decl":{"start":{"line":43,"column":2},"end":{"line":43,"column":7}},"loc":{"start":{"line":43,"column":26},"end":{"line":49,"column":3}}},"4":{"name":"(anonymous_17)","decl":{"start":{"line":51,"column":2},"end":{"line":51,"column":7}},"loc":{"start":{"line":51,"column":33},"end":{"line":53,"column":3}}},"5":{"name":"(anonymous_18)","decl":{"start":{"line":55,"column":2},"end":{"line":55,"column":7}},"loc":{"start":{"line":55,"column":55},"end":{"line":64,"column":3}}},"6":{"name":"(anonymous_19)","decl":{"start":{"line":66,"column":2},"end":{"line":66,"column":7}},"loc":{"start":{"line":66,"column":25},"end":{"line":69,"column":3}}},"7":{"name":"(anonymous_20)","decl":{"start":{"line":71,"column":2},"end":{"line":71,"column":7}},"loc":{"start":{"line":71,"column":53},"end":{"line":73,"column":3}}},"8":{"name":"(anonymous_21)","decl":{"start":{"line":80,"column":2},"end":{"line":80,"column":7}},"loc":{"start":{"line":82,"column":35},"end":{"line":87,"column":3}}},"9":{"name":"(anonymous_22)","decl":{"start":{"line":94,"column":2},"end":{"line":94,"column":7}},"loc":{"start":{"line":94,"column":46},"end":{"line":100,"column":3}}}},"branchMap":{"0":{"loc":{"start":{"line":25,"column":4},"end":{"line":27,"column":5}},"type":"if","locations":[{"start":{"line":25,"column":4},"end":{"line":27,"column":5}},{"start":{},"end":{}}]},"1":{"loc":{"start":{"line":45,"column":4},"end":{"line":47,"column":5}},"type":"if","locations":[{"start":{"line":45,"column":4},"end":{"line":47,"column":5}},{"start":{},"end":{}}]},"2":{"loc":{"start":{"line":58,"column":4},"end":{"line":60,"column":5}},"type":"if","locations":[{"start":{"line":58,"column":4},"end":{"line":60,"column":5}},{"start":{},"end":{}}]},"3":{"loc":{"start":{"line":17,"column":29},"end":{"line":17,"column":45}},"type":"cond-expr","locations":[{"start":{"line":17,"column":39},"end":{"line":17,"column":45}},{"start":{"line":17,"column":39},"end":{"line":17,"column":45}}]},"4":{"loc":{"start":{"line":17,"column":29},"end":{"line":17,"column":39}},"type":"binary-expr","locations":[{"start":{"line":17,"column":29},"end":{"line":17,"column":45}},{"start":{"line":17,"column":29},"end":{"line":17,"column":39}}]}},"s":{"0":0,"1":0,"2":0,"3":0,"4":0,"5":0,"6":0,"7":0,"8":0,"9":0,"10":0,"11":0,"12":0,"13":0,"14":0,"15":0,"16":0,"17":0,"18":0,"19":0,"20":0,"21":0,"22":0,"23":0,"24":0,"25":0,"26":0,"27":0,"28":0,"29":0,"30":0},"f":{"0":0,"1":0,"2":0,"3":0,"4":0,"5":0,"6":0,"7":0,"8":0,"9":0},"b":{"0":[0,0],"1":[0,0],"2":[0,0],"3":[0,0],"4":[0,0]}}
}
