TN:
SF:src\common\decorators\current-user.decorator.ts
FN:5,(anonymous_0)
FNF:1
FNH:0
FNDA:0,(anonymous_0)
DA:1,0
DA:4,0
DA:6,0
DA:7,0
DA:9,0
LF:5
LH:0
BRDA:9,0,0,0
BRDA:9,0,1,0
BRF:2
BRH:0
end_of_record
TN:
SF:src\common\filters\all-exceptions.filter.ts
FN:28,(anonymous_2)
FN:32,(anonymous_3)
FN:133,(anonymous_4)
FNF:3
FNH:0
FNDA:0,(anonymous_2)
FNDA:0,(anonymous_3)
FNDA:0,(anonymous_4)
DA:1,0
DA:9,0
DA:10,0
DA:12,0
DA:27,0
DA:28,0
DA:29,0
DA:33,0
DA:34,0
DA:35,0
DA:37,0
DA:38,0
DA:46,0
DA:48,0
DA:49,0
DA:51,0
DA:52,0
DA:53,0
DA:54,0
DA:55,0
DA:56,0
DA:58,0
DA:61,0
DA:62,0
DA:63,0
DA:65,0
DA:66,0
DA:67,0
DA:70,0
DA:71,0
DA:73,0
DA:74,0
DA:76,0
DA:77,0
DA:79,0
DA:81,0
DA:85,0
DA:87,0
DA:88,0
DA:89,0
DA:90,0
DA:91,0
DA:93,0
DA:94,0
DA:95,0
DA:98,0
DA:103,0
DA:104,0
DA:105,0
DA:109,0
DA:120,0
DA:121,0
DA:125,0
DA:127,0
DA:141,0
DA:144,0
DA:155,0
DA:157,0
DA:161,0
DA:162,0
LF:60
LH:0
BRDA:46,0,0,0
BRDA:46,0,1,0
BRDA:51,1,0,0
BRDA:51,1,1,0
BRDA:53,2,0,0
BRDA:53,2,1,0
BRDA:56,3,0,0
BRDA:56,3,1,0
BRDA:56,4,0,0
BRDA:56,4,1,0
BRDA:61,5,0,0
BRDA:61,5,1,0
BRDA:63,6,0,0
BRDA:63,6,1,0
BRDA:71,7,0,0
BRDA:71,7,1,0
BRDA:74,8,0,0
BRDA:74,8,1,0
BRDA:77,9,0,0
BRDA:77,9,1,0
BRDA:81,10,0,0
BRDA:81,10,1,0
BRDA:85,11,0,0
BRDA:85,11,1,0
BRDA:91,12,0,0
BRDA:91,12,1,0
BRDA:98,13,0,0
BRDA:98,13,1,0
BRDA:120,14,0,0
BRDA:120,14,1,0
BRDA:120,15,0,0
BRDA:120,15,1,0
BRDA:151,16,0,0
BRDA:151,16,1,0
BRDA:152,17,0,0
BRDA:152,17,1,0
BRDA:155,18,0,0
BRDA:155,18,1,0
BRDA:159,19,0,0
BRDA:159,19,1,0
BRDA:159,20,0,0
BRDA:159,20,1,0
BRDA:161,21,0,0
BRDA:161,21,1,0
BRDA:28,22,0,0
BRDA:28,22,1,0
BRDA:28,23,0,0
BRDA:28,23,1,0
BRF:48
BRH:0
end_of_record
TN:
SF:src\common\filters\http-exception.filter.ts
FN:35,(anonymous_2)
FN:39,(anonymous_3)
FN:95,(anonymous_4)
FNF:3
FNH:0
FNDA:0,(anonymous_2)
FNDA:0,(anonymous_3)
FNDA:0,(anonymous_4)
DA:1,0
DA:9,0
DA:10,0
DA:34,0
DA:35,0
DA:36,0
DA:40,0
DA:41,0
DA:42,0
DA:43,0
DA:44,0
DA:46,0
DA:47,0
DA:54,0
DA:55,0
DA:56,0
DA:57,0
DA:58,0
DA:59,0
DA:60,0
DA:61,0
DA:63,0
DA:64,0
DA:68,0
DA:79,0
DA:80,0
DA:81,0
DA:82,0
DA:87,0
DA:89,0
DA:102,0
DA:103,0
DA:106,0
DA:116,0
DA:117,0
DA:121,0
DA:122,0
DA:124,0
LF:38
LH:0
BRDA:54,0,0,0
BRDA:54,0,1,0
BRDA:56,1,0,0
BRDA:56,1,1,0
BRDA:57,2,0,0
BRDA:57,2,1,0
BRDA:59,3,0,0
BRDA:59,3,1,0
BRDA:60,4,0,0
BRDA:60,4,1,0
BRDA:60,4,2,0
BRDA:64,5,0,0
BRDA:64,5,1,0
BRDA:79,6,0,0
BRDA:79,6,1,0
BRDA:81,7,0,0
BRDA:81,7,1,0
BRDA:102,8,0,0
BRDA:102,8,1,0
BRDA:113,9,0,0
BRDA:113,9,1,0
BRDA:116,10,0,0
BRDA:116,10,1,0
BRDA:121,11,0,0
BRDA:121,11,1,0
BRDA:35,12,0,0
BRDA:35,12,1,0
BRDA:35,13,0,0
BRDA:35,13,1,0
BRF:29
BRH:0
end_of_record
TN:
SF:src\common\filters\throttler-exception.filter.ts
FN:18,(anonymous_2)
FN:22,(anonymous_3)
FNF:2
FNH:0
FNDA:0,(anonymous_2)
FNDA:0,(anonymous_3)
DA:1,0
DA:7,0
DA:9,0
DA:10,0
DA:17,0
DA:18,0
DA:19,0
DA:23,0
DA:24,0
DA:25,0
DA:27,0
DA:30,0
DA:33,0
DA:36,0
DA:37,0
DA:39,0
DA:40,0
DA:41,0
DA:42,0
DA:44,0
DA:45,0
DA:46,0
DA:48,0
DA:49,0
DA:50,0
DA:54,0
DA:55,0
DA:67,0
LF:28
LH:0
BRDA:39,0,0,0
BRDA:39,0,1,0
BRDA:40,1,0,0
BRDA:40,1,1,0
BRDA:44,2,0,0
BRDA:44,2,1,0
BRDA:48,3,0,0
BRDA:48,3,1,0
BRDA:62,4,0,0
BRDA:62,4,1,0
BRDA:18,5,0,0
BRDA:18,5,1,0
BRDA:18,6,0,0
BRDA:18,6,1,0
BRF:14
BRH:0
end_of_record
TN:
SF:src\common\guards\jwt-auth.guard.ts
FNF:0
FNH:0
DA:1,0
DA:2,0
DA:5,0
LF:3
LH:0
BRF:0
BRH:0
end_of_record
TN:
SF:src\common\interceptors\audit.interceptor.ts
FN:23,(anonymous_1)
FNF:1
FNH:0
FNDA:0,(anonymous_1)
DA:1,0
DA:22,0
DA:24,0
DA:25,0
DA:28,0
DA:29,0
DA:31,0
DA:33,0
DA:34,0
DA:35,0
DA:37,0
DA:41,0
LF:12
LH:0
BRDA:28,0,0,0
BRDA:28,0,1,0
BRDA:28,1,0,0
BRDA:28,1,1,0
BRDA:31,2,0,0
BRDA:31,2,1,0
BRDA:35,3,0,0
BRDA:35,3,1,0
BRDA:35,4,0,0
BRDA:35,4,1,0
BRF:10
BRH:0
end_of_record
TN:
SF:src\common\interfaces\paginated-response.interface.ts
FN:37,createPaginatedResponse
FNF:1
FNH:0
FNDA:0,createPaginatedResponse
DA:37,0
DA:43,0
DA:45,0
LF:3
LH:0
BRF:0
BRH:0
end_of_record
TN:
SF:src\common\logger\logger.service.ts
FN:24,(anonymous_11)
FN:38,(anonymous_12)
FN:62,(anonymous_13)
FN:72,(anonymous_14)
FN:82,(anonymous_15)
FN:106,(anonymous_16)
FN:116,(anonymous_17)
FN:126,(anonymous_18)
FN:135,(anonymous_19)
FN:155,(anonymous_20)
FNF:10
FNH:0
FNDA:0,(anonymous_11)
FNDA:0,(anonymous_12)
FNDA:0,(anonymous_13)
FNDA:0,(anonymous_14)
FNDA:0,(anonymous_15)
FNDA:0,(anonymous_16)
FNDA:0,(anonymous_17)
FNDA:0,(anonymous_18)
FNDA:0,(anonymous_19)
FNDA:0,(anonymous_20)
DA:1,0
DA:2,0
DA:20,0
DA:25,0
DA:28,0
DA:39,0
DA:40,0
DA:41,0
DA:42,0
DA:43,0
DA:47,0
DA:63,0
DA:64,0
DA:73,0
DA:74,0
DA:89,0
DA:90,0
DA:95,0
DA:98,0
DA:107,0
DA:108,0
DA:117,0
DA:118,0
DA:127,0
DA:128,0
DA:145,0
DA:149,0
DA:158,0
DA:159,0
DA:161,0
LF:30
LH:0
BRDA:28,0,0,0
BRDA:28,0,1,0
BRDA:39,1,0,0
BRDA:39,1,1,0
BRDA:40,2,0,0
BRDA:40,2,1,0
BRDA:41,3,0,0
BRDA:41,3,1,0
BRDA:42,4,0,0
BRDA:42,4,1,0
BRDA:48,5,0,0
BRDA:48,5,1,0
BRDA:48,6,0,0
BRDA:48,6,1,0
BRDA:89,7,0,0
BRDA:89,7,1,0
BRDA:91,8,0,0
BRDA:91,8,1,0
BRDA:147,9,0,0
BRDA:147,9,1,0
BRDA:158,10,0,0
BRDA:158,10,1,0
BRDA:159,11,0,0
BRDA:159,11,1,0
BRF:24
BRH:0
end_of_record
TN:
SF:src\common\pipes\sanitize.pipe.ts
FN:61,(anonymous_2)
FN:83,(anonymous_3)
FN:93,(anonymous_4)
FN:99,(anonymous_5)
FNF:4
FNH:0
FNDA:0,(anonymous_2)
FNDA:0,(anonymous_3)
FNDA:0,(anonymous_4)
FNDA:0,(anonymous_5)
DA:1,0
DA:2,0
DA:7,0
DA:41,0
DA:60,0
DA:63,0
DA:64,0
DA:67,0
DA:68,0
DA:71,0
DA:72,0
DA:75,0
DA:84,0
DA:85,0
DA:94,0
DA:95,0
DA:98,0
DA:99,0
DA:102,0
DA:103,0
DA:105,0
DA:106,0
DA:108,0
DA:109,0
DA:110,0
DA:111,0
DA:113,0
DA:117,0
DA:120,0
LF:29
LH:0
BRDA:63,0,0,0
BRDA:63,0,1,0
BRDA:67,1,0,0
BRDA:67,1,1,0
BRDA:71,2,0,0
BRDA:71,2,1,0
BRDA:71,3,0,0
BRDA:71,3,1,0
BRDA:84,4,0,0
BRDA:84,4,1,0
BRDA:94,5,0,0
BRDA:94,5,1,0
BRDA:94,6,0,0
BRDA:94,6,1,0
BRDA:98,7,0,0
BRDA:98,7,1,0
BRDA:102,8,0,0
BRDA:102,8,1,0
BRDA:106,9,0,0
BRDA:106,9,1,0
BRDA:110,10,0,0
BRDA:110,10,1,0
BRDA:110,11,0,0
BRDA:110,11,1,0
BRF:24
BRH:0
end_of_record
TN:
SF:src\common\schemas\document-jsonb.schemas.ts
FNF:0
FNH:0
DA:1,0
DA:9,0
DA:16,0
LF:3
LH:0
BRF:0
BRH:0
end_of_record
TN:
SF:src\common\schemas\idea-jsonb.schemas.ts
FNF:0
FNH:0
DA:1,0
DA:9,0
DA:15,0
DA:20,0
DA:28,0
DA:33,0
DA:39,0
DA:44,0
DA:51,0
DA:56,0
DA:66,0
DA:73,0
LF:12
LH:0
BRF:0
BRH:0
end_of_record
TN:
SF:src\common\validators\jsonb.validator.ts
FN:21,IsValidJsonb
FN:25,(anonymous_1)
FN:32,(anonymous_2)
FN:41,(anonymous_3)
FN:61,IsValidJsonbArray
FN:65,(anonymous_5)
FN:72,(anonymous_6)
FN:81,(anonymous_7)
FN:83,(anonymous_8)
FNF:9
FNH:0
FNDA:0,IsValidJsonb
FNDA:0,(anonymous_1)
FNDA:0,(anonymous_2)
FNDA:0,(anonymous_3)
FNDA:0,IsValidJsonbArray
FNDA:0,(anonymous_5)
FNDA:0,(anonymous_6)
FNDA:0,(anonymous_7)
FNDA:0,(anonymous_8)
DA:1,0
DA:21,0
DA:25,0
DA:26,0
DA:34,0
DA:35,0
DA:38,0
DA:39,0
DA:42,0
DA:43,0
DA:45,0
DA:46,0
DA:47,0
DA:48,0
DA:50,0
DA:61,0
DA:65,0
DA:66,0
DA:73,0
DA:74,0
DA:77,0
DA:78,0
DA:81,0
DA:84,0
DA:86,0
DA:87,0
DA:91,0
DA:92,0
DA:93,0
DA:94,0
DA:95,0
DA:96,0
DA:100,0
LF:33
LH:0
BRDA:34,0,0,0
BRDA:34,0,1,0
BRDA:34,1,0,0
BRDA:34,1,1,0
BRDA:43,2,0,0
BRDA:43,2,1,0
BRDA:48,3,0,0
BRDA:48,3,1,0
BRDA:73,4,0,0
BRDA:73,4,1,0
BRDA:73,5,0,0
BRDA:73,5,1,0
BRDA:77,6,0,0
BRDA:77,6,1,0
BRDA:86,7,0,0
BRDA:86,7,1,0
BRDA:93,8,0,0
BRDA:93,8,1,0
BRDA:96,9,0,0
BRDA:96,9,1,0
BRF:20
BRH:0
end_of_record
TN:
SF:src\common\validators\unique-email.validator.ts
FN:22,(anonymous_4)
FN:27,(anonymous_5)
FN:39,(anonymous_6)
FN:54,IsEmailUnique
FN:55,(anonymous_8)
FNF:5
FNH:0
FNDA:0,(anonymous_4)
FNDA:0,(anonymous_5)
FNDA:0,(anonymous_6)
FNDA:0,IsEmailUnique
FNDA:0,(anonymous_8)
DA:1,0
DA:7,0
DA:8,0
DA:9,0
DA:10,0
DA:21,0
DA:24,0
DA:28,0
DA:29,0
DA:32,0
DA:36,0
DA:40,0
DA:54,0
DA:55,0
DA:56,0
LF:15
LH:0
BRDA:28,0,0,0
BRDA:28,0,1,0
BRDA:24,1,0,0
BRDA:24,1,1,0
BRDA:24,2,0,0
BRDA:24,2,1,0
BRF:6
BRH:0
end_of_record
TN:
SF:src\config\data-source.ts
FNF:0
FNH:0
DA:1,0
DA:2,0
DA:5,0
DA:11,0
DA:33,0
DA:34,0
LF:6
LH:0
BRDA:13,0,0,0
BRDA:13,0,1,0
BRDA:14,1,0,0
BRDA:14,1,1,0
BRDA:15,2,0,0
BRDA:15,2,1,0
BRDA:16,3,0,0
BRDA:16,3,1,0
BRDA:17,4,0,0
BRDA:17,4,1,0
BRF:10
BRH:0
end_of_record
TN:
SF:src\config\database.config.ts
FN:3,(anonymous_0)
FNF:1
FNH:0
FNDA:0,(anonymous_0)
DA:1,0
DA:3,0
LF:2
LH:0
BRDA:4,0,0,0
BRDA:4,0,1,0
BRDA:5,1,0,0
BRDA:5,1,1,0
BRDA:6,2,0,0
BRDA:6,2,1,0
BRDA:7,3,0,0
BRDA:7,3,1,0
BRDA:8,4,0,0
BRDA:8,4,1,0
BRF:10
BRH:0
end_of_record
TN:
SF:src\config\jwt.config.ts
FN:3,(anonymous_0)
FNF:1
FNH:0
FNDA:0,(anonymous_0)
DA:1,0
DA:3,0
LF:2
LH:0
BRDA:4,0,0,0
BRDA:4,0,1,0
BRDA:5,1,0,0
BRDA:5,1,1,0
BRF:4
BRH:0
end_of_record
TN:
SF:src\modules\auth\auth.controller.ts
FN:34,(anonymous_4)
FN:52,(anonymous_5)
FN:73,(anonymous_6)
FN:97,(anonymous_7)
FN:120,(anonymous_8)
FNF:5
FNH:0
FNDA:0,(anonymous_4)
FNDA:0,(anonymous_5)
FNDA:0,(anonymous_6)
FNDA:0,(anonymous_7)
FNDA:0,(anonymous_8)
DA:1,0
DA:11,0
DA:17,0
DA:18,0
DA:19,0
DA:20,0
DA:21,0
DA:22,0
DA:27,0
DA:28,0
DA:33,0
DA:34,0
DA:52,0
DA:53,0
DA:73,0
DA:74,0
DA:97,0
DA:100,0
DA:120,0
DA:121,0
LF:20
LH:0
BRDA:52,0,0,0
BRDA:52,0,1,0
BRDA:52,1,0,0
BRDA:52,1,1,0
BRDA:52,2,0,0
BRDA:52,2,1,0
BRDA:52,3,0,0
BRDA:52,3,1,0
BRDA:73,4,0,0
BRDA:73,4,1,0
BRDA:73,5,0,0
BRDA:73,5,1,0
BRDA:73,6,0,0
BRDA:73,6,1,0
BRDA:73,7,0,0
BRDA:73,7,1,0
BRDA:98,8,0,0
BRDA:98,8,1,0
BRDA:98,9,0,0
BRDA:98,9,1,0
BRDA:99,10,0,0
BRDA:99,10,1,0
BRDA:99,11,0,0
BRDA:99,11,1,0
BRDA:120,12,0,0
BRDA:120,12,1,0
BRDA:120,13,0,0
BRDA:120,13,1,0
BRDA:34,14,0,0
BRDA:34,14,1,0
BRDA:34,15,0,0
BRDA:34,15,1,0
BRF:32
BRH:0
end_of_record
TN:
SF:src\modules\auth\auth.service.ts
FN:35,(anonymous_11)
FN:47,(anonymous_12)
FN:77,(anonymous_13)
FN:124,(anonymous_14)
FN:189,(anonymous_15)
FN:208,(anonymous_16)
FN:239,(anonymous_17)
FNF:7
FNH:0
FNDA:0,(anonymous_11)
FNDA:0,(anonymous_12)
FNDA:0,(anonymous_13)
FNDA:0,(anonymous_14)
FNDA:0,(anonymous_15)
FNDA:0,(anonymous_16)
FNDA:0,(anonymous_17)
DA:1,0
DA:6,0
DA:7,0
DA:8,0
DA:9,0
DA:10,0
DA:19,0
DA:22,0
DA:23,0
DA:24,0
DA:25,0
DA:34,0
DA:36,0
DA:37,0
DA:38,0
DA:39,0
DA:41,0
DA:48,0
DA:53,0
DA:54,0
DA:55,0
DA:57,0
DA:63,0
DA:65,0
DA:70,0
DA:78,0
DA:83,0
DA:85,0
DA:86,0
DA:91,0
DA:94,0
DA:99,0
DA:100,0
DA:106,0
DA:109,0
DA:111,0
DA:117,0
DA:128,0
DA:134,0
DA:136,0
DA:137,0
DA:142,0
DA:146,0
DA:151,0
DA:153,0
DA:160,0
DA:161,0
DA:165,0
DA:168,0
DA:172,0
DA:174,0
DA:179,0
DA:190,0
DA:195,0
DA:197,0
DA:202,0
DA:209,0
DA:212,0
DA:216,0
DA:218,0
DA:223,0
DA:242,0
DA:245,0
DA:250,0
DA:254,0
LF:65
LH:0
BRDA:68,0,0,0
BRDA:68,0,1,0
BRDA:85,1,0,0
BRDA:85,1,1,0
BRDA:99,2,0,0
BRDA:99,2,1,0
BRDA:136,3,0,0
BRDA:136,3,1,0
BRDA:136,4,0,0
BRDA:136,4,1,0
BRDA:151,5,0,0
BRDA:151,5,1,0
BRDA:36,6,0,0
BRDA:36,6,1,0
BRDA:36,7,0,0
BRDA:36,7,1,0
BRDA:36,8,0,0
BRDA:36,8,1,0
BRDA:36,9,0,0
BRDA:36,9,1,0
BRDA:37,10,0,0
BRDA:37,10,1,0
BRDA:37,11,0,0
BRDA:37,11,1,0
BRDA:38,12,0,0
BRDA:38,12,1,0
BRDA:38,13,0,0
BRDA:38,13,1,0
BRF:28
BRH:0
end_of_record
TN:
SF:src\modules\auth\strategies\jwt.strategy.ts
FN:9,(anonymous_2)
FN:20,(anonymous_3)
FNF:2
FNH:0
FNDA:0,(anonymous_2)
FNDA:0,(anonymous_3)
DA:1,0
DA:2,0
DA:3,0
DA:4,0
DA:5,0
DA:8,0
DA:10,0
DA:11,0
DA:13,0
DA:21,0
DA:22,0
DA:23,0
DA:25,0
LF:13
LH:0
BRDA:16,0,0,0
BRDA:16,0,1,0
BRDA:22,1,0,0
BRDA:22,1,1,0
BRDA:10,2,0,0
BRDA:10,2,1,0
BRDA:10,3,0,0
BRDA:10,3,1,0
BRDA:10,4,0,0
BRDA:10,4,1,0
BRDA:10,5,0,0
BRDA:10,5,1,0
BRF:12
BRH:0
end_of_record
TN:
SF:src\modules\documents\documents.controller.ts
FN:31,(anonymous_4)
FN:35,(anonymous_5)
FN:46,(anonymous_6)
FN:57,(anonymous_7)
FN:66,(anonymous_8)
FN:75,(anonymous_9)
FN:88,(anonymous_10)
FN:99,(anonymous_11)
FN:108,(anonymous_12)
FNF:9
FNH:0
FNDA:0,(anonymous_4)
FNDA:0,(anonymous_5)
FNDA:0,(anonymous_6)
FNDA:0,(anonymous_7)
FNDA:0,(anonymous_8)
FNDA:0,(anonymous_9)
FNDA:0,(anonymous_10)
FNDA:0,(anonymous_11)
FNDA:0,(anonymous_12)
DA:1,0
DA:16,0
DA:17,0
DA:18,0
DA:19,0
DA:20,0
DA:21,0
DA:22,0
DA:23,0
DA:30,0
DA:31,0
DA:35,0
DA:39,0
DA:46,0
DA:50,0
DA:57,0
DA:61,0
DA:66,0
DA:70,0
DA:75,0
DA:80,0
DA:88,0
DA:92,0
DA:99,0
DA:103,0
DA:108,0
DA:113,0
LF:27
LH:0
BRDA:37,0,0,0
BRDA:37,0,1,0
BRDA:37,1,0,0
BRDA:37,1,1,0
BRDA:48,2,0,0
BRDA:48,2,1,0
BRDA:48,3,0,0
BRDA:48,3,1,0
BRDA:59,4,0,0
BRDA:59,4,1,0
BRDA:59,5,0,0
BRDA:59,5,1,0
BRDA:78,6,0,0
BRDA:78,6,1,0
BRDA:78,7,0,0
BRDA:78,7,1,0
BRDA:31,8,0,0
BRDA:31,8,1,0
BRDA:31,9,0,0
BRDA:31,9,1,0
BRF:20
BRH:0
end_of_record
TN:
SF:src\modules\documents\documents.service.ts
FN:16,(anonymous_4)
FN:21,(anonymous_5)
FN:40,(anonymous_6)
FN:58,(anonymous_7)
FN:71,(anonymous_8)
FN:98,(anonymous_9)
FN:108,(anonymous_10)
FN:133,(anonymous_11)
FN:153,(anonymous_12)
FN:155,(anonymous_13)
FNF:10
FNH:0
FNDA:0,(anonymous_4)
FNDA:0,(anonymous_5)
FNDA:0,(anonymous_6)
FNDA:0,(anonymous_7)
FNDA:0,(anonymous_8)
FNDA:0,(anonymous_9)
FNDA:0,(anonymous_10)
FNDA:0,(anonymous_11)
FNDA:0,(anonymous_12)
FNDA:0,(anonymous_13)
DA:1,0
DA:2,0
DA:3,0
DA:4,0
DA:7,0
DA:9,0
DA:15,0
DA:18,0
DA:22,0
DA:37,0
DA:44,0
DA:45,0
DA:48,0
DA:55,0
DA:60,0
DA:64,0
DA:65,0
DA:68,0
DA:76,0
DA:79,0
DA:80,0
DA:81,0
DA:87,0
DA:90,0
DA:91,0
DA:99,0
DA:101,0
DA:110,0
DA:115,0
DA:116,0
DA:119,0
DA:120,0
DA:124,0
DA:127,0
DA:137,0
DA:138,0
DA:140,0
DA:150,0
DA:154,0
DA:155,0
DA:157,0
DA:158,0
DA:161,0
DA:162,0
DA:172,0
LF:45
LH:0
BRDA:25,0,0,0
BRDA:25,0,1,0
BRDA:44,1,0,0
BRDA:44,2,0,0
BRDA:64,3,0,0
BRDA:64,3,1,0
BRDA:79,4,0,0
BRDA:79,4,1,0
BRDA:79,5,0,0
BRDA:79,5,1,0
BRDA:80,6,0,0
BRDA:80,6,1,0
BRDA:115,7,0,0
BRDA:115,7,1,0
BRDA:119,8,0,0
BRDA:119,8,1,0
BRDA:137,9,0,0
BRDA:137,10,0,0
BRDA:157,11,0,0
BRDA:157,11,1,0
BRDA:163,12,0,0
BRDA:163,12,1,0
BRDA:18,13,0,0
BRDA:18,13,1,0
BRDA:18,14,0,0
BRDA:18,14,1,0
BRF:26
BRH:0
end_of_record
TN:
SF:src\modules\health\health.controller.ts
FN:32,(anonymous_2)
FN:91,(anonymous_3)
FN:94,(anonymous_4)
FN:97,(anonymous_5)
FN:100,(anonymous_6)
FN:116,(anonymous_7)
FN:119,(anonymous_8)
FN:136,(anonymous_9)
FN:139,(anonymous_10)
FNF:9
FNH:0
FNDA:0,(anonymous_2)
FNDA:0,(anonymous_3)
FNDA:0,(anonymous_4)
FNDA:0,(anonymous_5)
FNDA:0,(anonymous_6)
FNDA:0,(anonymous_7)
FNDA:0,(anonymous_8)
FNDA:0,(anonymous_9)
FNDA:0,(anonymous_10)
DA:1,0
DA:2,0
DA:3,0
DA:4,0
DA:31,0
DA:33,0
DA:34,0
DA:35,0
DA:36,0
DA:91,0
DA:92,0
DA:94,0
DA:97,0
DA:100,0
DA:116,0
DA:117,0
DA:119,0
DA:136,0
DA:137,0
DA:139,0
LF:20
LH:0
BRDA:91,0,0,0
BRDA:91,0,1,0
BRDA:91,1,0,0
BRDA:91,1,1,0
BRDA:116,2,0,0
BRDA:116,2,1,0
BRDA:116,3,0,0
BRDA:116,3,1,0
BRDA:136,4,0,0
BRDA:136,4,1,0
BRDA:136,5,0,0
BRDA:136,5,1,0
BRDA:33,6,0,0
BRDA:33,6,1,0
BRDA:33,7,0,0
BRDA:33,7,1,0
BRDA:33,8,0,0
BRDA:33,8,1,0
BRDA:33,9,0,0
BRDA:33,9,1,0
BRDA:34,10,0,0
BRDA:34,10,1,0
BRDA:34,11,0,0
BRDA:34,11,1,0
BRDA:35,12,0,0
BRDA:35,12,1,0
BRDA:35,13,0,0
BRDA:35,13,1,0
BRF:28
BRH:0
end_of_record
TN:
SF:src\modules\ideas\ideas.controller.ts
FN:31,(anonymous_4)
FN:35,(anonymous_5)
FN:46,(anonymous_6)
FN:57,(anonymous_7)
FN:66,(anonymous_8)
FN:75,(anonymous_9)
FN:88,(anonymous_10)
FN:99,(anonymous_11)
FN:113,(anonymous_12)
FN:132,(anonymous_13)
FN:147,(anonymous_14)
FNF:11
FNH:0
FNDA:0,(anonymous_4)
FNDA:0,(anonymous_5)
FNDA:0,(anonymous_6)
FNDA:0,(anonymous_7)
FNDA:0,(anonymous_8)
FNDA:0,(anonymous_9)
FNDA:0,(anonymous_10)
FNDA:0,(anonymous_11)
FNDA:0,(anonymous_12)
FNDA:0,(anonymous_13)
FNDA:0,(anonymous_14)
DA:1,0
DA:16,0
DA:17,0
DA:18,0
DA:19,0
DA:20,0
DA:21,0
DA:22,0
DA:23,0
DA:30,0
DA:31,0
DA:35,0
DA:39,0
DA:46,0
DA:50,0
DA:57,0
DA:61,0
DA:66,0
DA:70,0
DA:75,0
DA:80,0
DA:88,0
DA:92,0
DA:99,0
DA:103,0
DA:113,0
DA:117,0
DA:132,0
DA:136,0
DA:147,0
DA:151,0
LF:31
LH:0
BRDA:37,0,0,0
BRDA:37,0,1,0
BRDA:37,1,0,0
BRDA:37,1,1,0
BRDA:48,2,0,0
BRDA:48,2,1,0
BRDA:48,3,0,0
BRDA:48,3,1,0
BRDA:59,4,0,0
BRDA:59,4,1,0
BRDA:59,5,0,0
BRDA:59,5,1,0
BRDA:78,6,0,0
BRDA:78,6,1,0
BRDA:78,7,0,0
BRDA:78,7,1,0
BRDA:115,8,0,0
BRDA:115,8,1,0
BRDA:115,9,0,0
BRDA:115,9,1,0
BRDA:31,10,0,0
BRDA:31,10,1,0
BRDA:31,11,0,0
BRDA:31,11,1,0
BRF:24
BRH:0
end_of_record
TN:
SF:src\modules\ideas\ideas.service.ts
FN:17,(anonymous_4)
FN:23,(anonymous_5)
FN:36,(anonymous_6)
FN:54,(anonymous_7)
FN:67,(anonymous_8)
FN:89,(anonymous_9)
FN:99,(anonymous_10)
FN:124,(anonymous_11)
FN:144,(anonymous_12)
FN:152,(anonymous_13)
FN:208,(anonymous_14)
FN:251,(anonymous_15)
FNF:12
FNH:0
FNDA:0,(anonymous_4)
FNDA:0,(anonymous_5)
FNDA:0,(anonymous_6)
FNDA:0,(anonymous_7)
FNDA:0,(anonymous_8)
FNDA:0,(anonymous_9)
FNDA:0,(anonymous_10)
FNDA:0,(anonymous_11)
FNDA:0,(anonymous_12)
FNDA:0,(anonymous_13)
FNDA:0,(anonymous_14)
FNDA:0,(anonymous_15)
DA:1,0
DA:2,0
DA:3,0
DA:4,0
DA:5,0
DA:9,0
DA:13,0
DA:16,0
DA:19,0
DA:20,0
DA:24,0
DA:33,0
DA:40,0
DA:41,0
DA:44,0
DA:51,0
DA:56,0
DA:60,0
DA:61,0
DA:64,0
DA:72,0
DA:74,0
DA:75,0
DA:81,0
DA:82,0
DA:90,0
DA:92,0
DA:101,0
DA:106,0
DA:107,0
DA:110,0
DA:111,0
DA:115,0
DA:118,0
DA:128,0
DA:129,0
DA:131,0
DA:141,0
DA:145,0
DA:157,0
DA:158,0
DA:159,0
DA:161,0
DA:163,0
DA:171,0
DA:174,0
DA:187,0
DA:190,0
DA:191,0
DA:193,0
DA:195,0
DA:197,0
DA:198,0
DA:200,0
DA:209,0
DA:210,0
DA:211,0
DA:213,0
DA:215,0
DA:219,0
DA:220,0
DA:224,0
DA:225,0
DA:226,0
DA:229,0
DA:230,0
DA:236,0
DA:238,0
DA:240,0
DA:241,0
DA:243,0
DA:252,0
DA:253,0
DA:254,0
DA:256,0
DA:258,0
DA:263,0
DA:264,0
DA:267,0
DA:268,0
DA:272,0
DA:273,0
DA:274,0
DA:279,0
DA:281,0
DA:284,0
DA:286,0
DA:287,0
DA:289,0
LF:89
LH:0
BRDA:28,0,0,0
BRDA:28,0,1,0
BRDA:29,1,0,0
BRDA:29,1,1,0
BRDA:40,2,0,0
BRDA:40,3,0,0
BRDA:60,4,0,0
BRDA:60,4,1,0
BRDA:74,5,0,0
BRDA:74,5,1,0
BRDA:74,6,0,0
BRDA:74,6,1,0
BRDA:76,7,0,0
BRDA:76,7,1,0
BRDA:77,8,0,0
BRDA:77,8,1,0
BRDA:106,9,0,0
BRDA:106,9,1,0
BRDA:110,10,0,0
BRDA:110,10,1,0
BRDA:128,11,0,0
BRDA:128,12,0,0
BRDA:167,13,0,0
BRDA:167,13,1,0
BRDA:168,14,0,0
BRDA:168,14,1,0
BRDA:219,15,0,0
BRDA:219,15,1,0
BRDA:224,16,0,0
BRDA:224,16,1,0
BRDA:224,17,0,0
BRDA:224,17,1,0
BRDA:229,18,0,0
BRDA:229,18,1,0
BRDA:263,19,0,0
BRDA:263,19,1,0
BRDA:267,20,0,0
BRDA:267,20,1,0
BRDA:272,21,0,0
BRDA:272,21,1,0
BRDA:272,22,0,0
BRDA:272,22,1,0
BRDA:19,23,0,0
BRDA:19,23,1,0
BRDA:19,24,0,0
BRDA:19,24,1,0
BRDA:19,25,0,0
BRDA:19,25,1,0
BRDA:19,26,0,0
BRDA:19,26,1,0
BRF:50
BRH:0
end_of_record
TN:
SF:src\modules\prompts\prompts.controller.ts
FN:31,(anonymous_4)
FN:35,(anonymous_5)
FN:46,(anonymous_6)
FN:57,(anonymous_7)
FN:66,(anonymous_8)
FN:75,(anonymous_9)
FN:88,(anonymous_10)
FN:99,(anonymous_11)
FN:108,(anonymous_12)
FN:117,(anonymous_13)
FNF:10
FNH:0
FNDA:0,(anonymous_4)
FNDA:0,(anonymous_5)
FNDA:0,(anonymous_6)
FNDA:0,(anonymous_7)
FNDA:0,(anonymous_8)
FNDA:0,(anonymous_9)
FNDA:0,(anonymous_10)
FNDA:0,(anonymous_11)
FNDA:0,(anonymous_12)
FNDA:0,(anonymous_13)
DA:1,0
DA:16,0
DA:17,0
DA:18,0
DA:19,0
DA:20,0
DA:21,0
DA:22,0
DA:23,0
DA:30,0
DA:31,0
DA:35,0
DA:39,0
DA:46,0
DA:50,0
DA:57,0
DA:61,0
DA:66,0
DA:70,0
DA:75,0
DA:80,0
DA:88,0
DA:92,0
DA:99,0
DA:103,0
DA:108,0
DA:112,0
DA:117,0
DA:121,0
LF:29
LH:0
BRDA:37,0,0,0
BRDA:37,0,1,0
BRDA:37,1,0,0
BRDA:37,1,1,0
BRDA:48,2,0,0
BRDA:48,2,1,0
BRDA:48,3,0,0
BRDA:48,3,1,0
BRDA:59,4,0,0
BRDA:59,4,1,0
BRDA:59,5,0,0
BRDA:59,5,1,0
BRDA:78,6,0,0
BRDA:78,6,1,0
BRDA:78,7,0,0
BRDA:78,7,1,0
BRDA:31,8,0,0
BRDA:31,8,1,0
BRDA:31,9,0,0
BRDA:31,9,1,0
BRF:20
BRH:0
end_of_record
TN:
SF:src\modules\prompts\prompts.service.ts
FN:15,(anonymous_4)
FN:20,(anonymous_5)
FN:29,(anonymous_6)
FN:47,(anonymous_7)
FN:60,(anonymous_8)
FN:74,(anonymous_9)
FN:84,(anonymous_10)
FN:109,(anonymous_11)
FN:129,(anonymous_12)
FN:135,(anonymous_13)
FNF:10
FNH:0
FNDA:0,(anonymous_4)
FNDA:0,(anonymous_5)
FNDA:0,(anonymous_6)
FNDA:0,(anonymous_7)
FNDA:0,(anonymous_8)
FNDA:0,(anonymous_9)
FNDA:0,(anonymous_10)
FNDA:0,(anonymous_11)
FNDA:0,(anonymous_12)
FNDA:0,(anonymous_13)
DA:1,0
DA:2,0
DA:3,0
DA:4,0
DA:8,0
DA:14,0
DA:17,0
DA:21,0
DA:26,0
DA:33,0
DA:34,0
DA:37,0
DA:44,0
DA:49,0
DA:53,0
DA:54,0
DA:57,0
DA:65,0
DA:66,0
DA:67,0
DA:75,0
DA:77,0
DA:86,0
DA:91,0
DA:92,0
DA:95,0
DA:96,0
DA:100,0
DA:103,0
DA:113,0
DA:114,0
DA:116,0
DA:126,0
DA:130,0
DA:131,0
DA:132,0
DA:136,0
DA:137,0
DA:138,0
LF:39
LH:0
BRDA:33,0,0,0
BRDA:33,1,0,0
BRDA:53,2,0,0
BRDA:53,2,1,0
BRDA:91,3,0,0
BRDA:91,3,1,0
BRDA:95,4,0,0
BRDA:95,4,1,0
BRDA:113,5,0,0
BRDA:113,6,0,0
BRDA:17,7,0,0
BRDA:17,7,1,0
BRDA:17,8,0,0
BRDA:17,8,1,0
BRF:14
BRH:0
end_of_record
TN:
SF:src\modules\users\users.controller.ts
FN:23,(anonymous_4)
FN:27,(anonymous_5)
FN:33,(anonymous_6)
FNF:3
FNH:0
FNDA:0,(anonymous_4)
FNDA:0,(anonymous_5)
FNDA:0,(anonymous_6)
DA:1,0
DA:10,0
DA:11,0
DA:12,0
DA:13,0
DA:14,0
DA:15,0
DA:22,0
DA:23,0
DA:27,0
DA:28,0
DA:33,0
DA:37,0
LF:13
LH:0
BRDA:27,0,0,0
BRDA:27,0,1,0
BRDA:27,1,0,0
BRDA:27,1,1,0
BRDA:27,2,0,0
BRDA:27,2,1,0
BRDA:27,3,0,0
BRDA:27,3,1,0
BRDA:34,4,0,0
BRDA:34,4,1,0
BRDA:34,5,0,0
BRDA:34,5,1,0
BRDA:34,6,0,0
BRDA:34,6,1,0
BRDA:34,7,0,0
BRDA:34,7,1,0
BRDA:36,8,0,0
BRDA:36,8,1,0
BRDA:36,9,0,0
BRDA:36,9,1,0
BRDA:23,10,0,0
BRDA:23,10,1,0
BRDA:23,11,0,0
BRDA:23,11,1,0
BRF:24
BRH:0
end_of_record
TN:
SF:src\modules\users\users.service.ts
FN:15,(anonymous_13)
FN:20,(anonymous_14)
FN:39,(anonymous_15)
FN:43,(anonymous_16)
FN:51,(anonymous_17)
FN:55,(anonymous_18)
FN:66,(anonymous_19)
FN:71,(anonymous_20)
FN:80,(anonymous_21)
FN:94,(anonymous_22)
FNF:10
FNH:0
FNDA:0,(anonymous_13)
FNDA:0,(anonymous_14)
FNDA:0,(anonymous_15)
FNDA:0,(anonymous_16)
FNDA:0,(anonymous_17)
FNDA:0,(anonymous_18)
FNDA:0,(anonymous_19)
FNDA:0,(anonymous_20)
FNDA:0,(anonymous_21)
FNDA:0,(anonymous_22)
DA:1,0
DA:6,0
DA:7,0
DA:8,0
DA:9,0
DA:14,0
DA:17,0
DA:21,0
DA:25,0
DA:26,0
DA:29,0
DA:31,0
DA:36,0
DA:40,0
DA:44,0
DA:45,0
DA:46,0
DA:48,0
DA:52,0
DA:56,0
DA:58,0
DA:59,0
DA:62,0
DA:63,0
DA:67,0
DA:68,0
DA:72,0
DA:84,0
DA:95,0
LF:29
LH:0
BRDA:25,0,0,0
BRDA:25,0,1,0
BRDA:45,1,0,0
BRDA:45,1,1,0
BRDA:58,2,0,0
BRDA:58,2,1,0
BRDA:17,3,0,0
BRDA:17,3,1,0
BRDA:17,4,0,0
BRDA:17,4,1,0
BRF:10
BRH:0
end_of_record
